#
# A fatal error has been detected by the Java Runtime Environment:
#
#  EXCEPTION_UNCAUGHT_CXX_EXCEPTION (0xe06d7363) at pc=0x00007ffc36f6039c, pid=30100, tid=21616
#
# JRE version: OpenJDK Runtime Environment Temurin-17.0.5+8 (17.0.5+8) (build 17.0.5+8)
# Java VM: OpenJDK 64-Bit Server VM Temurin-17.0.5+8 (17.0.5+8, mixed mode, tiered, compressed oops, compressed class ptrs, parallel gc, windows-amd64)
# Problematic frame:
# C  [KERNELBASE.dll+0x9039c]
#
# No core dump will be written. Minidumps are not enabled by default on client versions of Windows
#
# If you would like to submit a bug report, please visit:
#   https://github.com/adoptium/adoptium-support/issues
#

---------------  S U M M A R Y ------------

Command Line: --add-modules=ALL-SYSTEM --add-opens=java.base/java.util=ALL-UNNAMED --add-opens=java.base/java.lang=ALL-UNNAMED --add-opens=java.base/sun.nio.fs=ALL-UNNAMED -Declipse.application=org.eclipse.jdt.ls.core.id1 -Dosgi.bundles.defaultStartLevel=4 -Declipse.product=org.eclipse.jdt.ls.core.product -Djava.import.generatesMetadataFilesAtProjectRoot=false -Dfile.encoding=utf8 -XX:+UseParallelGC -XX:GCTimeRatio=4 -XX:AdaptiveSizePolicyWeight=90 -Dsun.zip.disableMemoryMapping=true -Xmx1G -Xms100m -Xlog:disable -javaagent:c:\Users\AISPL-07\.vscode\extensions\redhat.java-1.13.0-win32-x64\lombok\lombok-1.18.24.jar -XX:+HeapDumpOnOutOfMemoryError -XX:HeapDumpPath=c:\Users\AISPL-07\AppData\Roaming\Code\User\workspaceStorage\07276c1a0fc3a8f9219528d249dded12\redhat.java c:\Users\AISPL-07\.vscode\extensions\redhat.java-1.13.0-win32-x64\server\plugins\org.eclipse.equinox.launcher_1.6.400.v20210924-0641.jar -configuration c:\Users\AISPL-07\AppData\Roaming\Code\User\globalStorage\redhat.java\1.13.0\config_win -data c:\Users\AISPL-07\AppData\Roaming\Code\User\workspaceStorage\07276c1a0fc3a8f9219528d249dded12\redhat.java\jdt_ws

Host: AMD Ryzen 5 PRO 4650G with Radeon Graphics, 12 cores, 15G,  Windows 11 , 64 bit Build 22621 (10.0.22621.755)
Time: Sat Dec 17 10:42:37 2022 India Standard Time elapsed time: 0.864759 seconds (0d 0h 0m 0s)

---------------  T H R E A D  ---------------

Current thread (0x00000206f779f2f0):  JavaThread "main" [_thread_in_vm, id=21616, stack(0x00000079fe300000,0x00000079fe400000)]

Stack: [0x00000079fe300000,0x00000079fe400000],  sp=0x00000079fe3fb390,  free space=1004k
Native frames: (J=compiled Java code, j=interpreted, Vv=VM code, C=native code)
C  [KERNELBASE.dll+0x9039c]
C  [VCRUNTIME140.dll+0x6220]
C  [jimage.dll+0x32a7]
C  [jimage.dll+0x2a15]
C  [jimage.dll+0x145b]
C  [jimage.dll+0x1e97]
C  [jimage.dll+0x1f2e]
C  [jimage.dll+0x2666]
V  [jvm.dll+0x1f191d]
V  [jvm.dll+0x1f0542]
V  [jvm.dll+0x7ab9db]
V  [jvm.dll+0x7acd82]
V  [jvm.dll+0x7ad0b8]
V  [jvm.dll+0x23d0ee]
V  [jvm.dll+0x23d33f]
V  [jvm.dll+0x5594a8]
V  [jvm.dll+0x55c357]
V  [jvm.dll+0x382574]
V  [jvm.dll+0x381bdf]
C  0x0000020680019dcc

Java frames: (J=compiled Java code, j=interpreted, Vv=VM code)
j  java.util.ResourceBundle$1.newResourceBundle(Ljava/lang/Class;)Ljava/util/ResourceBundle;+1 java.base@17.0.5
j  sun.util.resources.Bundles.findBundleOf(Lsun/util/resources/Bundles$CacheKey;Lsun/util/resources/Bundles$Strategy;Ljava/lang/String;Ljava/util/List;I)Ljava/util/ResourceBundle;+234 java.base@17.0.5
j  sun.util.resources.Bundles.loadBundleOf(Ljava/lang/String;Ljava/util/Locale;Lsun/util/resources/Bundles$Strategy;)Ljava/util/ResourceBundle;+112 java.base@17.0.5
j  sun.util.resources.Bundles.of(Ljava/lang/String;Ljava/util/Locale;Lsun/util/resources/Bundles$Strategy;)Ljava/util/ResourceBundle;+3 java.base@17.0.5
j  sun.util.resources.LocaleData$1.run()Ljava/util/ResourceBundle;+11 java.base@17.0.5
j  sun.util.resources.LocaleData$1.run()Ljava/lang/Object;+1 java.base@17.0.5
j  java.security.AccessController.executePrivileged(Ljava/security/PrivilegedAction;Ljava/security/AccessControlContext;Ljava/lang/Class;)Ljava/lang/Object;+29 java.base@17.0.5
j  java.security.AccessController.doPrivileged(Ljava/security/PrivilegedAction;)Ljava/lang/Object;+5 java.base@17.0.5
j  sun.util.resources.LocaleData.getBundle(Ljava/lang/String;Ljava/util/Locale;)Ljava/util/ResourceBundle;+9 java.base@17.0.5
j  sun.util.resources.LocaleData.getCalendarData(Ljava/util/Locale;)Ljava/util/ResourceBundle;+26 java.base@17.0.5
j  sun.util.locale.provider.LocaleResources.getCalendarData(Ljava/lang/String;)Ljava/lang/String;+68 java.base@17.0.5
j  sun.util.cldr.CLDRCalendarDataProviderImpl.findValue(Ljava/lang/String;Ljava/util/Locale;)I+64 java.base@17.0.5
j  sun.util.cldr.CLDRCalendarDataProviderImpl.getFirstDayOfWeek(Ljava/util/Locale;)I+3 java.base@17.0.5
j  sun.util.locale.provider.CalendarDataUtility$CalendarWeekParameterGetter.getObject(Ljava/util/spi/CalendarDataProvider;Ljava/util/Locale;Ljava/lang/String;[Ljava/lang/Object;)Ljava/lang/Integer;+114 java.base@17.0.5
j  sun.util.locale.provider.CalendarDataUtility$CalendarWeekParameterGetter.getObject(Ljava/util/spi/LocaleServiceProvider;Ljava/util/Locale;Ljava/lang/String;[Ljava/lang/Object;)Ljava/lang/Object;+9 java.base@17.0.5
j  sun.util.locale.provider.LocaleServiceProviderPool.getLocalizedObjectImpl(Lsun/util/locale/provider/LocaleServiceProviderPool$LocalizedObjectGetter;Ljava/util/Locale;ZLjava/lang/String;[Ljava/lang/Object;)Ljava/lang/Object;+93 java.base@17.0.5
j  sun.util.locale.provider.LocaleServiceProviderPool.getLocalizedObject(Lsun/util/locale/provider/LocaleServiceProviderPool$LocalizedObjectGetter;Ljava/util/Locale;Ljava/lang/Boolean;Ljava/lang/String;[Ljava/lang/Object;)Ljava/lang/Object;+11 java.base@17.0.5
j  sun.util.locale.provider.CalendarDataUtility.retrieveFirstDayOfWeek(Ljava/util/Locale;)I+280 java.base@17.0.5
j  java.util.Calendar.setWeekCountData(Ljava/util/Locale;)V+24 java.base@17.0.5
j  java.util.Calendar.<init>(Ljava/util/TimeZone;Ljava/util/Locale;)V+55 java.base@17.0.5
j  java.util.GregorianCalendar.<init>(Ljava/util/TimeZone;Ljava/util/Locale;Z)V+3 java.base@17.0.5
j  java.util.Calendar$Builder.build()Ljava/util/Calendar;+249 java.base@17.0.5
j  sun.security.util.DisabledAlgorithmConstraints$DenyAfterConstraint.<init>(Ljava/lang/String;III)V+83 java.base@17.0.5
j  sun.security.util.DisabledAlgorithmConstraints$Constraints.<init>(Ljava/lang/String;Ljava/util/Set;)V+624 java.base@17.0.5
j  sun.security.util.DisabledAlgorithmConstraints.<init>(Ljava/lang/String;Lsun/security/util/AlgorithmDecomposer;)V+119 java.base@17.0.5
j  sun.security.util.DisabledAlgorithmConstraints.<init>(Ljava/lang/String;)V+9 java.base@17.0.5
j  sun.security.util.DisabledAlgorithmConstraints$JarHolder.<clinit>()V+6 java.base@17.0.5
v  ~StubRoutines::call_stub
j  sun.security.util.DisabledAlgorithmConstraints.jarConstraints()Lsun/security/util/DisabledAlgorithmConstraints;+0 java.base@17.0.5
j  sun.security.pkcs.SignerInfo.<clinit>()V+0 java.base@17.0.5
v  ~StubRoutines::call_stub
j  sun.security.pkcs.PKCS7.parseSignedData(Lsun/security/util/DerValue;)V+619 java.base@17.0.5
j  sun.security.pkcs.PKCS7.parse(Lsun/security/util/DerInputStream;Z)V+40 java.base@17.0.5
j  sun.security.pkcs.PKCS7.parse(Lsun/security/util/DerInputStream;)V+11 java.base@17.0.5
j  sun.security.pkcs.PKCS7.<init>([B)V+50 java.base@17.0.5
j  sun.security.util.SignatureFileVerifier.<init>(Ljava/util/ArrayList;Lsun/security/util/ManifestDigester;Ljava/lang/String;[B)V+40 java.base@17.0.5
j  java.util.jar.JarVerifier.processEntry(Lsun/security/util/ManifestEntryVerifier;)V+322 java.base@17.0.5
j  java.util.jar.JarVerifier.update(I[BIILsun/security/util/ManifestEntryVerifier;)V+39 java.base@17.0.5
j  java.util.jar.JarFile.initializeVerifier()V+163 java.base@17.0.5
j  java.util.jar.JarFile.ensureInitialization()V+41 java.base@17.0.5
j  java.util.jar.JavaUtilJarAccessImpl.ensureInitialization(Ljava/util/jar/JarFile;)V+1 java.base@17.0.5
j  jdk.internal.loader.URLClassPath$JarLoader$2.getManifest()Ljava/util/jar/Manifest;+10 java.base@17.0.5
j  jdk.internal.loader.BuiltinClassLoader.defineClass(Ljava/lang/String;Ljdk/internal/loader/Resource;)Ljava/lang/Class;+29 java.base@17.0.5
j  jdk.internal.loader.BuiltinClassLoader.findClassOnClassPathOrNull(Ljava/lang/String;)Ljava/lang/Class;+37 java.base@17.0.5
j  jdk.internal.loader.BuiltinClassLoader.loadClassOrNull(Ljava/lang/String;Z)Ljava/lang/Class;+111 java.base@17.0.5
j  jdk.internal.loader.BuiltinClassLoader.loadClass(Ljava/lang/String;Z)Ljava/lang/Class;+3 java.base@17.0.5
j  jdk.internal.loader.ClassLoaders$AppClassLoader.loadClass(Ljava/lang/String;Z)Ljava/lang/Class;+36 java.base@17.0.5
j  java.lang.ClassLoader.loadClass(Ljava/lang/String;)Ljava/lang/Class;+3 java.base@17.0.5
v  ~StubRoutines::call_stub
j  java.lang.Class.forName0(Ljava/lang/String;ZLjava/lang/ClassLoader;Ljava/lang/Class;)Ljava/lang/Class;+0 java.base@17.0.5
j  java.lang.Class.forName(Ljava/lang/String;ZLjava/lang/ClassLoader;)Ljava/lang/Class;+43 java.base@17.0.5
j  sun.launcher.LauncherHelper.loadMainClass(ILjava/lang/String;)Ljava/lang/Class;+95 java.base@17.0.5
j  sun.launcher.LauncherHelper.checkAndLoadMain(ZILjava/lang/String;)Ljava/lang/Class;+42 java.base@17.0.5
v  ~StubRoutines::call_stub

siginfo: EXCEPTION_UNCAUGHT_CXX_EXCEPTION (0xe06d7363), ExceptionInformation=0x0000000019930520 0x00000079fe3fb4f0 0x00007ffc34025138 0x00007ffc34020000 


Register to memory mapping:

RIP=0x00007ffc36f6039c KERNELBASE.dll
RAX=0x0000007900000001 is an unknown value
RBX=0x00007ffc34025138 jimage.dll
RCX=0x00000206f779f2f0 is a thread
RDX=0x00007ffc3984b1e1 ntdll.dll
RSP=0x00000079fe3fb390 is pointing into the stack for thread: 0x00000206f779f2f0
RBP=0x00000079fe3fb620 is pointing into the stack for thread: 0x00000206f779f2f0
RSI=0x00000079fe3fb4f0 is pointing into the stack for thread: 0x00000206f779f2f0
RDI=0x0000000019930520 is an unknown value
R8 =0x0 is NULL
R9 =0x00000206ff778af1 points into unknown readable memory: 49 8c ff 06 02 00 00
R10=0x00000206ff777ff0 points into unknown readable memory: 0x00000206fe45b5f0 | f0 b5 45 fe 06 02 00 00
R11=0x00000206ff778b00 points into unknown readable memory: 0x00000206000002d8 | d8 02 00 00 06 02 00 00
R12=0x00000000000018b6 is an unknown value
R13=0x00000206f779f7d0 points into unknown readable memory: 0x6974752f6176616a | 6a 61 76 61 2f 75 74 69
R14=0x00000206ff875b90 points into unknown readable memory: 0x00000206fe1e5ec0 | c0 5e 1e fe 06 02 00 00
R15=0x00000206ff875b90 points into unknown readable memory: 0x00000206fe1e5ec0 | c0 5e 1e fe 06 02 00 00


Registers:
RAX=0x0000007900000001, RBX=0x00007ffc34025138, RCX=0x00000206f779f2f0, RDX=0x00007ffc3984b1e1
RSP=0x00000079fe3fb390, RBP=0x00000079fe3fb620, RSI=0x00000079fe3fb4f0, RDI=0x0000000019930520
R8 =0x0000000000000000, R9 =0x00000206ff778af1, R10=0x00000206ff777ff0, R11=0x00000206ff778b00
R12=0x00000000000018b6, R13=0x00000206f779f7d0, R14=0x00000206ff875b90, R15=0x00000206ff875b90
RIP=0x00007ffc36f6039c, EFLAGS=0x0000000000000202

Top of Stack: (sp=0x00000079fe3fb390)
0x00000079fe3fb390:   0000020600000000 00007ffc34025138
0x00000079fe3fb3a0:   00000079fe3fb4f0 0000000000000050
0x00000079fe3fb3b0:   00000081e06d7363 0000000000000000
0x00000079fe3fb3c0:   00007ffc36f6039c 0000000000000004
0x00000079fe3fb3d0:   0000000019930520 00000079fe3fb4f0
0x00000079fe3fb3e0:   00007ffc34025138 00007ffc34020000
0x00000079fe3fb3f0:   0000020600000000 0000007900000002
0x00000079fe3fb400:   0000000000000000 00007ffc34025138
0x00000079fe3fb410:   00000206ff875b90 00007ffc3988663f
0x00000079fe3fb420:   00000079fe3fb490 00007ffc34027000
0x00000079fe3fb430:   00000079fe3fb4f0 0000000019930520
0x00000079fe3fb440:   00007ffc34027000 00007ffc34020000
0x00000079fe3fb450:   000010b6073f83e5 00007ffc36ef976b
0x00000079fe3fb460:   00007ffc34025138 00007ffc33b76220
0x00000079fe3fb470:   0000076e35d5a44c 0000000000000010
0x00000079fe3fb480:   0000000000000008 00007ffc373100b5 

Instructions: (pc=0x00007ffc36f6039c)
0x00007ffc36f6029c:   ff 4c 8d 05 4c 29 29 00 33 d2 b9 00 00 10 00 e8
0x00007ffc36f602ac:   70 3b fb ff 4c 8b f0 48 89 44 24 58 48 85 c0 0f
0x00007ffc36f602bc:   84 0b fe ff ff 4c 8d 05 40 29 29 00 33 d2 8d 4a
0x00007ffc36f602cc:   02 e8 4e 3b fb ff 48 8b f8 48 89 44 24 50 e9 ed
0x00007ffc36f602dc:   fd ff ff 45 33 c0 49 8b d7 48 83 c9 ff e8 d2 f1
0x00007ffc36f602ec:   fe ff e9 08 ff ff ff 48 8b 0d 36 09 2c 00 e8 b1
0x00007ffc36f602fc:   b9 fa ff 48 8b cf e8 b9 a7 f9 ff e9 f8 fe ff ff
0x00007ffc36f6030c:   49 8b ce e8 ac a7 f9 ff e9 f4 fe ff ff 48 8b ce
0x00007ffc36f6031c:   e8 9f a7 f9 ff e9 f0 fe ff ff cc cc 71 18 d3 7a
0x00007ffc36f6032c:   1a 87 89 f9 48 81 ec d8 00 00 00 48 8b 05 42 dc
0x00007ffc36f6033c:   2b 00 48 33 c4 48 89 84 24 c0 00 00 00 48 83 64
0x00007ffc36f6034c:   24 28 00 48 8d 05 da ff ff ff 83 e2 01 89 4c 24
0x00007ffc36f6035c:   20 89 54 24 24 48 89 44 24 30 4d 85 c9 74 4f b8
0x00007ffc36f6036c:   0f 00 00 00 48 8d 4c 24 40 44 3b c0 49 8b d1 41
0x00007ffc36f6037c:   0f 46 c0 44 8b c0 44 89 44 24 38 49 c1 e0 03 e8
0x00007ffc36f6038c:   77 e4 02 00 48 8d 4c 24 20 48 ff 15 84 94 1c 00
0x00007ffc36f6039c:   0f 1f 44 00 00 48 8b 8c 24 c0 00 00 00 48 33 cc
0x00007ffc36f603ac:   e8 ef 6f 02 00 48 81 c4 d8 00 00 00 c3 cc 83 64
0x00007ffc36f603bc:   24 38 00 eb cf cc cc cc cc cc cc cc 48 8b c4 48
0x00007ffc36f603cc:   89 58 08 48 89 70 10 48 89 78 18 4c 89 68 20 55
0x00007ffc36f603dc:   41 56 41 57 48 8d 68 a1 48 81 ec e0 00 00 00 48
0x00007ffc36f603ec:   8b 05 8e db 2b 00 48 33 c4 48 89 45 3f 45 33 ff
0x00007ffc36f603fc:   66 c7 45 2b 00 05 48 8d 45 c7 44 89 7d 27 48 89
0x00007ffc36f6040c:   44 24 50 48 8d 4d 27 44 89 7c 24 48 45 33 c9 44
0x00007ffc36f6041c:   89 7c 24 40 45 8d 47 12 44 89 7c 24 38 b2 01 44
0x00007ffc36f6042c:   89 7c 24 30 41 8b df 44 89 7c 24 28 41 8b ff 44
0x00007ffc36f6043c:   89 7c 24 20 45 8b f7 44 89 7d 2f 66 c7 45 33 00
0x00007ffc36f6044c:   01 44 89 7d 37 66 c7 45 3b 00 10 4c 89 7d c7 4c
0x00007ffc36f6045c:   89 7d cf 4c 89 7d d7 4c 89 7d df 48 ff 15 d2 94
0x00007ffc36f6046c:   1c 00 0f 1f 44 00 00 85 c0 0f 88 a7 02 00 00 48
0x00007ffc36f6047c:   8d 45 cf 41 b9 20 02 00 00 48 89 44 24 50 45 8d
0x00007ffc36f6048c:   6f 02 44 89 7c 24 48 45 8d 47 20 44 89 7c 24 40 


Stack slot to memory mapping:
stack at sp + 0 slots: 0x0000020600000000 is an unknown value
stack at sp + 1 slots: 0x00007ffc34025138 jimage.dll
stack at sp + 2 slots: 0x00000079fe3fb4f0 is pointing into the stack for thread: 0x00000206f779f2f0
stack at sp + 3 slots: 0x0000000000000050 is an unknown value
stack at sp + 4 slots: 0x00000081e06d7363 is an unknown value
stack at sp + 5 slots: 0x0 is NULL
stack at sp + 6 slots: 0x00007ffc36f6039c KERNELBASE.dll
stack at sp + 7 slots: 0x0000000000000004 is an unknown value


---------------  P R O C E S S  ---------------

Threads class SMR info:
_java_thread_list=0x00000206fe4e4d80, length=13, elements={
0x00000206f779f2f0, 0x00000206fe1a8030, 0x00000206fe1aa4c0, 0x00000206fc61aa80,
0x00000206fc61b440, 0x00000206fc61dd10, 0x00000206fc61e5d0, 0x00000206fe1ca270,
0x00000206fe1dab00, 0x00000206fe1e3b90, 0x00000206fe2e2670, 0x00000206fe4e1300,
0x00000206fe5274d0
}

Java Threads: ( => current thread )
=>0x00000206f779f2f0 JavaThread "main" [_thread_in_vm, id=21616, stack(0x00000079fe300000,0x00000079fe400000)]
  0x00000206fe1a8030 JavaThread "Reference Handler" daemon [_thread_blocked, id=29020, stack(0x00000079fe600000,0x00000079fe700000)]
  0x00000206fe1aa4c0 JavaThread "Finalizer" daemon [_thread_blocked, id=29156, stack(0x00000079fe700000,0x00000079fe800000)]
  0x00000206fc61aa80 JavaThread "Signal Dispatcher" daemon [_thread_blocked, id=27504, stack(0x00000079fe800000,0x00000079fe900000)]
  0x00000206fc61b440 JavaThread "Attach Listener" daemon [_thread_blocked, id=30040, stack(0x00000079fe900000,0x00000079fea00000)]
  0x00000206fc61dd10 JavaThread "Service Thread" daemon [_thread_blocked, id=6032, stack(0x00000079fea00000,0x00000079feb00000)]
  0x00000206fc61e5d0 JavaThread "Monitor Deflation Thread" daemon [_thread_blocked, id=30364, stack(0x00000079feb00000,0x00000079fec00000)]
  0x00000206fe1ca270 JavaThread "C2 CompilerThread0" daemon [_thread_blocked, id=30516, stack(0x00000079fec00000,0x00000079fed00000)]
  0x00000206fe1dab00 JavaThread "C1 CompilerThread0" daemon [_thread_blocked, id=28460, stack(0x00000079fed00000,0x00000079fee00000)]
  0x00000206fe1e3b90 JavaThread "Sweeper thread" daemon [_thread_blocked, id=30088, stack(0x00000079fee00000,0x00000079fef00000)]
  0x00000206fe2e2670 JavaThread "Common-Cleaner" daemon [_thread_blocked, id=21620, stack(0x00000079fef00000,0x00000079ff000000)]
  0x00000206fe4e1300 JavaThread "Notification Thread" daemon [_thread_blocked, id=30428, stack(0x00000079ff000000,0x00000079ff100000)]
  0x00000206fe5274d0 JavaThread "C2 CompilerThread1" daemon [_thread_blocked, id=30512, stack(0x00000079ff200000,0x00000079ff300000)]

Other Threads:
  0x00000206f785eca0 VMThread "VM Thread" [stack: 0x00000079fe500000,0x00000079fe600000] [id=29936]
  0x00000206fe4e06e0 WatcherThread [stack: 0x00000079ff100000,0x00000079ff200000] [id=30548]
  0x00000206f77b4de0 GCTaskThread "GC Thread#0" [stack: 0x00000079fe400000,0x00000079fe500000] [id=30092]

Threads with active compile tasks:

VM state: not at safepoint (normal execution)

VM Mutex/Monitor currently owned by a thread: None

Heap address: 0x00000000c0000000, size: 1024 MB, Compressed Oops mode: 32-bit

CDS archive(s) not mapped
Compressed class space mapped at: 0x0000000100000000-0x0000000140000000, reserved size: 1073741824
Narrow klass base: 0x0000000000000000, Narrow klass shift: 3, Narrow klass range: 0x140000000

GC Precious Log:
 CPUs: 12 total, 12 available
 Memory: 15742M
 Large Page Support: Disabled
 NUMA Support: Disabled
 Compressed Oops: Enabled (32-bit)
 Alignments: Space 512K, Generation 512K, Heap 2M
 Heap Min Capacity: 100M
 Heap Initial Capacity: 100M
 Heap Max Capacity: 1G
 Pre-touch: Disabled
 Parallel Workers: 10

Heap:
 PSYoungGen      total 29696K, used 12068K [0x00000000eab00000, 0x00000000ecc00000, 0x0000000100000000)
  eden space 25600K, 47% used [0x00000000eab00000,0x00000000eb6c9090,0x00000000ec400000)
  from space 4096K, 0% used [0x00000000ec800000,0x00000000ec800000,0x00000000ecc00000)
  to   space 4096K, 0% used [0x00000000ec400000,0x00000000ec400000,0x00000000ec800000)
 ParOldGen       total 68608K, used 0K [0x00000000c0000000, 0x00000000c4300000, 0x00000000eab00000)
  object space 68608K, 0% used [0x00000000c0000000,0x00000000c0000000,0x00000000c4300000)
 Metaspace       used 8337K, committed 8512K, reserved 1064960K
  class space    used 818K, committed 896K, reserved 1048576K

Card table byte_map: [0x00000206f7170000,0x00000206f7380000] _byte_map_base: 0x00000206f6b70000

Marking Bits: (ParMarkBitMap*) 0x00007ffbcb260dd0
 Begin Bits: [0x00000206fa420000, 0x00000206fb420000)
 End Bits:   [0x00000206fb420000, 0x00000206fc420000)

Polling page: 0x00000206f6f60000

Metaspace:

Usage:
  Non-class:      7.34 MB used.
      Class:    818.41 KB used.
       Both:      8.14 MB used.

Virtual space:
  Non-class space:       16.00 MB reserved,       7.44 MB ( 46%) committed,  2 nodes.
      Class space:        1.00 GB reserved,     896.00 KB ( <1%) committed,  1 nodes.
             Both:        1.02 GB reserved,       8.31 MB ( <1%) committed. 

Chunk freelists:
   Non-Class:  4.00 MB
       Class:  3.09 MB
        Both:  7.09 MB

MaxMetaspaceSize: unlimited
CompressedClassSpaceSize: 1.00 GB
Initial GC threshold: 21.00 MB
Current GC threshold: 21.00 MB
CDS: off
MetaspaceReclaimPolicy: balanced
 - commit_granule_bytes: 65536.
 - commit_granule_words: 8192.
 - virtual_space_node_default_size: 1048576.
 - enlarge_chunks_in_place: 1.
 - new_chunks_are_fully_committed: 0.
 - uncommit_free_chunks: 1.
 - use_allocation_guard: 0.
 - handle_deallocations: 1.


Internal statistics:

num_allocs_failed_limit: 0.
num_arena_births: 12.
num_arena_deaths: 0.
num_vsnodes_births: 3.
num_vsnodes_deaths: 0.
num_space_committed: 133.
num_space_uncommitted: 0.
num_chunks_returned_to_freelist: 0.
num_chunks_taken_from_freelist: 40.
num_chunk_merges: 0.
num_chunk_splits: 22.
num_chunks_enlarged: 17.
num_purges: 0.
num_inconsistent_stats: 0.

CodeHeap 'non-profiled nmethods': size=120000Kb used=195Kb max_used=195Kb free=119804Kb
 bounds [0x0000020687ad0000, 0x0000020687d40000, 0x000002068f000000]
CodeHeap 'profiled nmethods': size=120000Kb used=852Kb max_used=852Kb free=119148Kb
 bounds [0x00000206805a0000, 0x0000020680810000, 0x0000020687ad0000]
CodeHeap 'non-nmethods': size=5760Kb used=1126Kb max_used=1160Kb free=4633Kb
 bounds [0x0000020680000000, 0x0000020680270000, 0x00000206805a0000]
 total_blobs=982 nmethods=569 adapters=328
 compilation: enabled
              stopped_count=0, restarted_count=0
 full_count=0

Compilation events (20 events):
Event: 0.853 Thread 0x00000206fe1dab00 nmethod 557 0x000002068066a590 code [0x000002068066a760, 0x000002068066aa98]
Event: 0.853 Thread 0x00000206fe1dab00  558       3       sun.util.locale.LanguageTag::parseLanguage (55 bytes)
Event: 0.854 Thread 0x00000206fe1ca270 nmethod 493 0x0000020687afd510 code [0x0000020687afd720, 0x0000020687afe8d8]
Event: 0.854 Thread 0x00000206fe1dab00 nmethod 558 0x000002068066ab90 code [0x000002068066ad80, 0x000002068066b398]
Event: 0.854 Thread 0x00000206fe1dab00  559       3       sun.util.locale.LanguageTag::isLanguage (29 bytes)
Event: 0.854 Thread 0x00000206fe5274d0 nmethod 507 0x0000020687aff710 code [0x0000020687aff920, 0x0000020687b002e8]
Event: 0.854 Thread 0x00000206fe1ca270  543       4       java.util.concurrent.ConcurrentHashMap::setTabAt (20 bytes)
Event: 0.855 Thread 0x00000206fe5274d0  532       4       java.util.Collections::emptyList (4 bytes)
Event: 0.855 Thread 0x00000206fe1dab00 nmethod 559 0x000002068066b610 code [0x000002068066b840, 0x000002068066c1f8]
Event: 0.855 Thread 0x00000206fe1dab00  560       3       sun.util.locale.LanguageTag::parseExtlangs (114 bytes)
Event: 0.855 Thread 0x00000206fe1ca270 nmethod 543 0x0000020687b00990 code [0x0000020687b00b00, 0x0000020687b00b78]
Event: 0.855 Thread 0x00000206fe5274d0 nmethod 532 0x0000020687b00c90 code [0x0000020687b00e00, 0x0000020687b00e58]
Event: 0.856 Thread 0x00000206fe1dab00 nmethod 560 0x000002068066c590 code [0x000002068066c7e0, 0x000002068066d238]
Event: 0.856 Thread 0x00000206fe1dab00  561       3       sun.util.locale.LanguageTag::parseScript (55 bytes)
Event: 0.856 Thread 0x00000206fe1dab00 nmethod 561 0x000002068066d590 code [0x000002068066d780, 0x000002068066dd58]
Event: 0.856 Thread 0x00000206fe1dab00  563       3       sun.util.locale.LanguageTag::parseRegion (55 bytes)
Event: 0.856 Thread 0x00000206fe1dab00 nmethod 563 0x000002068066df90 code [0x000002068066e160, 0x000002068066e518]
Event: 0.856 Thread 0x00000206fe1dab00  565       3       sun.util.locale.LanguageTag::parseExtensions (208 bytes)
Event: 0.858 Thread 0x00000206fe1dab00 nmethod 565 0x000002068066e690 code [0x000002068066ea60, 0x0000020680670228]
Event: 0.858 Thread 0x00000206fe1dab00  566       3       sun.util.locale.LanguageTag::parsePrivateuse (144 bytes)

GC Heap History (0 events):
No events

Dll operation events (8 events):
Event: 0.021 Loaded shared library c:\Users\AISPL-07\.vscode\extensions\redhat.java-1.13.0-win32-x64\jre\17.0.5-win32-x86_64\bin\java.dll
Event: 0.206 Loaded shared library c:\Users\AISPL-07\.vscode\extensions\redhat.java-1.13.0-win32-x64\jre\17.0.5-win32-x86_64\bin\zip.dll
Event: 0.209 Loaded shared library C:\Users\AISPL-07\.vscode\extensions\redhat.java-1.13.0-win32-x64\jre\17.0.5-win32-x86_64\bin\instrument.dll
Event: 0.252 Loaded shared library C:\Users\AISPL-07\.vscode\extensions\redhat.java-1.13.0-win32-x64\jre\17.0.5-win32-x86_64\bin\net.dll
Event: 0.255 Loaded shared library C:\Users\AISPL-07\.vscode\extensions\redhat.java-1.13.0-win32-x64\jre\17.0.5-win32-x86_64\bin\nio.dll
Event: 0.278 Loaded shared library C:\Users\AISPL-07\.vscode\extensions\redhat.java-1.13.0-win32-x64\jre\17.0.5-win32-x86_64\bin\zip.dll
Event: 0.317 Loaded shared library C:\Users\AISPL-07\.vscode\extensions\redhat.java-1.13.0-win32-x64\jre\17.0.5-win32-x86_64\bin\jimage.dll
Event: 0.437 Loaded shared library c:\Users\AISPL-07\.vscode\extensions\redhat.java-1.13.0-win32-x64\jre\17.0.5-win32-x86_64\bin\verify.dll

Deoptimization events (20 events):
Event: 0.754 Thread 0x00000206f779f2f0 Uncommon trap: trap_request=0xffffffde fr.pc=0x0000020687af02a4 relative=0x0000000000000104
Event: 0.754 Thread 0x00000206f779f2f0 Uncommon trap: reason=class_check action=maybe_recompile pc=0x0000020687af02a4 method=jdk.internal.misc.Unsafe.allocateUninitializedArray(Ljava/lang/Class;I)Ljava/lang/Object; @ 51 c2
Event: 0.754 Thread 0x00000206f779f2f0 DEOPT PACKING pc=0x0000020687af02a4 sp=0x00000079fe3fc060
Event: 0.754 Thread 0x00000206f779f2f0 DEOPT UNPACKING pc=0x00000206800520a3 sp=0x00000079fe3fbfe8 mode 2
Event: 0.769 Thread 0x00000206f779f2f0 Uncommon trap: trap_request=0xffffff45 fr.pc=0x0000020687ae44c0 relative=0x00000000000000c0
Event: 0.769 Thread 0x00000206f779f2f0 Uncommon trap: reason=unstable_if action=reinterpret pc=0x0000020687ae44c0 method=java.net.URI.match(CJJ)Z @ 45 c2
Event: 0.769 Thread 0x00000206f779f2f0 DEOPT PACKING pc=0x0000020687ae44c0 sp=0x00000079fe3fcd00
Event: 0.769 Thread 0x00000206f779f2f0 DEOPT UNPACKING pc=0x00000206800520a3 sp=0x00000079fe3fcc88 mode 2
Event: 0.789 Thread 0x00000206f779f2f0 Uncommon trap: trap_request=0xffffff45 fr.pc=0x0000020687af42ec relative=0x000000000000060c
Event: 0.789 Thread 0x00000206f779f2f0 Uncommon trap: reason=unstable_if action=reinterpret pc=0x0000020687af42ec method=java.lang.String.replace(Ljava/lang/CharSequence;Ljava/lang/CharSequence;)Ljava/lang/String; @ 48 c2
Event: 0.789 Thread 0x00000206f779f2f0 DEOPT PACKING pc=0x0000020687af42ec sp=0x00000079fe3fcc80
Event: 0.789 Thread 0x00000206f779f2f0 DEOPT UNPACKING pc=0x00000206800520a3 sp=0x00000079fe3fcc00 mode 2
Event: 0.818 Thread 0x00000206f779f2f0 Uncommon trap: trap_request=0xffffffde fr.pc=0x0000020687af5800 relative=0x0000000000000520
Event: 0.818 Thread 0x00000206f779f2f0 Uncommon trap: reason=class_check action=maybe_recompile pc=0x0000020687af5800 method=java.util.Collections$UnmodifiableCollection$1.<init>(Ljava/util/Collections$UnmodifiableCollection;)V @ 17 c2
Event: 0.818 Thread 0x00000206f779f2f0 DEOPT PACKING pc=0x0000020687af5800 sp=0x00000079fe3fc830
Event: 0.818 Thread 0x00000206f779f2f0 DEOPT UNPACKING pc=0x00000206800520a3 sp=0x00000079fe3fc778 mode 2
Event: 0.818 Thread 0x00000206f779f2f0 Uncommon trap: trap_request=0xffffffde fr.pc=0x0000020687af358c relative=0x00000000000001ec
Event: 0.818 Thread 0x00000206f779f2f0 Uncommon trap: reason=class_check action=maybe_recompile pc=0x0000020687af358c method=java.util.Collections$UnmodifiableCollection$1.next()Ljava/lang/Object; @ 4 c2
Event: 0.818 Thread 0x00000206f779f2f0 DEOPT PACKING pc=0x0000020687af358c sp=0x00000079fe3fc840
Event: 0.818 Thread 0x00000206f779f2f0 DEOPT UNPACKING pc=0x00000206800520a3 sp=0x00000079fe3fc7f0 mode 2

Classes unloaded (0 events):
No events

Classes redefined (0 events):
No events

Internal exceptions (2 events):
Event: 0.169 Thread 0x00000206f779f2f0 Exception <a 'java/lang/NoSuchMethodError'{0x00000000eacb24e8}: 'void java.lang.invoke.DirectMethodHandle$Holder.invokeStatic(java.lang.Object, java.lang.Object, java.lang.Object)'> (0x00000000eacb24e8) 
thrown [s\src\hotspot\share\interpreter\linkResolver.cpp, line 759]
Event: 0.469 Thread 0x00000206f779f2f0 Exception <a 'java/lang/reflect/InvocationTargetException'{0x00000000eaf79808}> (0x00000000eaf79808) 
thrown [s\src\hotspot\share\runtime\reflection.cpp, line 1121]

VM Operations (4 events):
Event: 0.183 Executing VM operation: HandshakeAllThreads
Event: 0.184 Executing VM operation: HandshakeAllThreads done
Event: 0.354 Executing VM operation: HandshakeAllThreads
Event: 0.354 Executing VM operation: HandshakeAllThreads done

Events (20 events):
Event: 0.853 loading class sun/util/resources/Bundles$Strategy
Event: 0.853 loading class sun/util/resources/Bundles$Strategy done
Event: 0.853 loading class sun/util/resources/LocaleData$LocaleDataStrategy done
Event: 0.853 loading class sun/util/resources/Bundles
Event: 0.853 loading class sun/util/resources/Bundles done
Event: 0.853 loading class sun/util/resources/Bundles$1
Event: 0.854 loading class sun/util/resources/Bundles$1 done
Event: 0.854 loading class java/util/ResourceBundle$1
Event: 0.854 loading class jdk/internal/access/JavaUtilResourceBundleAccess
Event: 0.854 loading class jdk/internal/access/JavaUtilResourceBundleAccess done
Event: 0.854 loading class java/util/ResourceBundle$1 done
Event: 0.854 loading class java/util/ResourceBundle$2
Event: 0.854 loading class java/util/ResourceBundle$2 done
Event: 0.854 loading class sun/util/resources/Bundles$CacheKey
Event: 0.854 loading class sun/util/resources/Bundles$CacheKey done
Event: 0.855 loading class sun/util/resources/cldr/CalendarData
Event: 0.855 loading class java/util/ListResourceBundle
Event: 0.855 loading class java/util/ListResourceBundle done
Event: 0.855 loading class sun/util/resources/cldr/CalendarData done
Event: 0.855 loading class java/util/ResourceBundle$ResourceBundleProviderHelper


Dynamic libraries:
0x00007ff6456f0000 - 0x00007ff6456fe000 	c:\Users\AISPL-07\.vscode\extensions\redhat.java-1.13.0-win32-x64\jre\17.0.5-win32-x86_64\bin\java.exe
0x00007ffc39810000 - 0x00007ffc39a24000 	C:\WINDOWS\SYSTEM32\ntdll.dll
0x00007ffc37c20000 - 0x00007ffc37ce2000 	C:\WINDOWS\System32\KERNEL32.DLL
0x00007ffc36ed0000 - 0x00007ffc3726d000 	C:\WINDOWS\System32\KERNELBASE.dll
0x00007ffc372f0000 - 0x00007ffc37401000 	C:\WINDOWS\System32\ucrtbase.dll
0x00007ffc34030000 - 0x00007ffc34047000 	c:\Users\AISPL-07\.vscode\extensions\redhat.java-1.13.0-win32-x64\jre\17.0.5-win32-x86_64\bin\jli.dll
0x00007ffc33b70000 - 0x00007ffc33b89000 	c:\Users\AISPL-07\.vscode\extensions\redhat.java-1.13.0-win32-x64\jre\17.0.5-win32-x86_64\bin\VCRUNTIME140.dll
0x00007ffc38000000 - 0x00007ffc381aa000 	C:\WINDOWS\System32\USER32.dll
0x00007ffc37410000 - 0x00007ffc37436000 	C:\WINDOWS\System32\win32u.dll
0x00007ffc1d850000 - 0x00007ffc1dade000 	C:\WINDOWS\WinSxS\amd64_microsoft.windows.common-controls_6595b64144ccf1df_6.0.22621.608_none_a9444ca7c10bb01d\COMCTL32.dll
0x00007ffc37920000 - 0x00007ffc37949000 	C:\WINDOWS\System32\GDI32.dll
0x00007ffc37b70000 - 0x00007ffc37c17000 	C:\WINDOWS\System32\msvcrt.dll
0x00007ffc36db0000 - 0x00007ffc36ec2000 	C:\WINDOWS\System32\gdi32full.dll
0x00007ffc37570000 - 0x00007ffc3760a000 	C:\WINDOWS\System32\msvcp_win.dll
0x00007ffc37b30000 - 0x00007ffc37b62000 	C:\WINDOWS\System32\IMM32.DLL
0x00007ffc34060000 - 0x00007ffc3406c000 	c:\Users\AISPL-07\.vscode\extensions\redhat.java-1.13.0-win32-x64\jre\17.0.5-win32-x86_64\bin\vcruntime140_1.dll
0x00007ffc1acb0000 - 0x00007ffc1ad41000 	c:\Users\AISPL-07\.vscode\extensions\redhat.java-1.13.0-win32-x64\jre\17.0.5-win32-x86_64\bin\msvcp140.dll
0x00007ffbca6e0000 - 0x00007ffbcb324000 	c:\Users\AISPL-07\.vscode\extensions\redhat.java-1.13.0-win32-x64\jre\17.0.5-win32-x86_64\bin\server\jvm.dll
0x00007ffc37730000 - 0x00007ffc377de000 	C:\WINDOWS\System32\ADVAPI32.dll
0x00007ffc381b0000 - 0x00007ffc38254000 	C:\WINDOWS\System32\sechost.dll
0x00007ffc37a10000 - 0x00007ffc37b25000 	C:\WINDOWS\System32\RPCRT4.dll
0x00007ffc33f50000 - 0x00007ffc33f59000 	C:\WINDOWS\SYSTEM32\WSOCK32.dll
0x00007ffc38440000 - 0x00007ffc384b1000 	C:\WINDOWS\System32\WS2_32.dll
0x00007ffc2c640000 - 0x00007ffc2c674000 	C:\WINDOWS\SYSTEM32\WINMM.dll
0x00007ffc2f360000 - 0x00007ffc2f36a000 	C:\WINDOWS\SYSTEM32\VERSION.dll
0x00007ffc35cb0000 - 0x00007ffc35cc8000 	C:\WINDOWS\SYSTEM32\kernel.appcore.dll
0x00007ffc34020000 - 0x00007ffc3402a000 	c:\Users\AISPL-07\.vscode\extensions\redhat.java-1.13.0-win32-x64\jre\17.0.5-win32-x86_64\bin\jimage.dll
0x00007ffc2fec0000 - 0x00007ffc300ee000 	C:\WINDOWS\SYSTEM32\DBGHELP.DLL
0x00007ffc38d00000 - 0x00007ffc3908a000 	C:\WINDOWS\System32\combase.dll
0x00007ffc37eb0000 - 0x00007ffc37f87000 	C:\WINDOWS\System32\OLEAUT32.dll
0x00007ffc2a5a0000 - 0x00007ffc2a5d2000 	C:\WINDOWS\SYSTEM32\dbgcore.DLL
0x00007ffc37270000 - 0x00007ffc372eb000 	C:\WINDOWS\System32\bcryptPrimitives.dll
0x00007ffc34010000 - 0x00007ffc3401e000 	c:\Users\AISPL-07\.vscode\extensions\redhat.java-1.13.0-win32-x64\jre\17.0.5-win32-x86_64\bin\instrument.dll
0x00007ffc28ef0000 - 0x00007ffc28f15000 	c:\Users\AISPL-07\.vscode\extensions\redhat.java-1.13.0-win32-x64\jre\17.0.5-win32-x86_64\bin\java.dll
0x00007ffc28e10000 - 0x00007ffc28e28000 	c:\Users\AISPL-07\.vscode\extensions\redhat.java-1.13.0-win32-x64\jre\17.0.5-win32-x86_64\bin\zip.dll
0x00007ffc384c0000 - 0x00007ffc38ca0000 	C:\WINDOWS\System32\SHELL32.dll
0x00007ffc34c80000 - 0x00007ffc35545000 	C:\WINDOWS\SYSTEM32\windows.storage.dll
0x00007ffc34b40000 - 0x00007ffc34c7e000 	C:\WINDOWS\SYSTEM32\wintypes.dll
0x00007ffc37810000 - 0x00007ffc37901000 	C:\WINDOWS\System32\SHCORE.dll
0x00007ffc38ca0000 - 0x00007ffc38cfe000 	C:\WINDOWS\System32\shlwapi.dll
0x00007ffc36b70000 - 0x00007ffc36b91000 	C:\WINDOWS\SYSTEM32\profapi.dll
0x00007ffc20300000 - 0x00007ffc20319000 	C:\Users\AISPL-07\.vscode\extensions\redhat.java-1.13.0-win32-x64\jre\17.0.5-win32-x86_64\bin\net.dll
0x00007ffc30a50000 - 0x00007ffc30b7f000 	C:\WINDOWS\SYSTEM32\WINHTTP.dll
0x00007ffc36110000 - 0x00007ffc36179000 	C:\WINDOWS\system32\mswsock.dll
0x00007ffc202e0000 - 0x00007ffc202f5000 	C:\Users\AISPL-07\.vscode\extensions\redhat.java-1.13.0-win32-x64\jre\17.0.5-win32-x86_64\bin\nio.dll
0x00007ffc28ee0000 - 0x00007ffc28ef0000 	c:\Users\AISPL-07\.vscode\extensions\redhat.java-1.13.0-win32-x64\jre\17.0.5-win32-x86_64\bin\verify.dll

dbghelp: loaded successfully - version: 4.0.5 - missing functions: none
symbol engine: initialized successfully - sym options: 0x614 - pdb path: .;c:\Users\AISPL-07\.vscode\extensions\redhat.java-1.13.0-win32-x64\jre\17.0.5-win32-x86_64\bin;C:\WINDOWS\SYSTEM32;C:\WINDOWS\WinSxS\amd64_microsoft.windows.common-controls_6595b64144ccf1df_6.0.22621.608_none_a9444ca7c10bb01d;c:\Users\AISPL-07\.vscode\extensions\redhat.java-1.13.0-win32-x64\jre\17.0.5-win32-x86_64\bin\server

VM Arguments:
jvm_args: --add-modules=ALL-SYSTEM --add-opens=java.base/java.util=ALL-UNNAMED --add-opens=java.base/java.lang=ALL-UNNAMED --add-opens=java.base/sun.nio.fs=ALL-UNNAMED -Declipse.application=org.eclipse.jdt.ls.core.id1 -Dosgi.bundles.defaultStartLevel=4 -Declipse.product=org.eclipse.jdt.ls.core.product -Djava.import.generatesMetadataFilesAtProjectRoot=false -Dfile.encoding=utf8 -XX:+UseParallelGC -XX:GCTimeRatio=4 -XX:AdaptiveSizePolicyWeight=90 -Dsun.zip.disableMemoryMapping=true -Xmx1G -Xms100m -Xlog:disable -javaagent:c:\Users\AISPL-07\.vscode\extensions\redhat.java-1.13.0-win32-x64\lombok\lombok-1.18.24.jar -XX:+HeapDumpOnOutOfMemoryError -XX:HeapDumpPath=c:\Users\AISPL-07\AppData\Roaming\Code\User\workspaceStorage\07276c1a0fc3a8f9219528d249dded12\redhat.java 
java_command: c:\Users\AISPL-07\.vscode\extensions\redhat.java-1.13.0-win32-x64\server\plugins\org.eclipse.equinox.launcher_1.6.400.v20210924-0641.jar -configuration c:\Users\AISPL-07\AppData\Roaming\Code\User\globalStorage\redhat.java\1.13.0\config_win -data c:\Users\AISPL-07\AppData\Roaming\Code\User\workspaceStorage\07276c1a0fc3a8f9219528d249dded12\redhat.java\jdt_ws
java_class_path (initial): c:\Users\AISPL-07\.vscode\extensions\redhat.java-1.13.0-win32-x64\server\plugins\org.eclipse.equinox.launcher_1.6.400.v20210924-0641.jar
Launcher Type: SUN_STANDARD

[Global flags]
    uintx AdaptiveSizePolicyWeight                 = 90                                        {product} {command line}
     intx CICompilerCount                          = 4                                         {product} {ergonomic}
    uintx GCTimeRatio                              = 4                                         {product} {command line}
     bool HeapDumpOnOutOfMemoryError               = true                                   {manageable} {command line}
    ccstr HeapDumpPath                             = c:\Users\AISPL-07\AppData\Roaming\Code\User\workspaceStorage\07276c1a0fc3a8f9219528d249dded12\redhat.java         {manageable} {command line}
   size_t InitialHeapSize                          = 104857600                                 {product} {command line}
   size_t MaxHeapSize                              = 1073741824                                {product} {command line}
   size_t MaxNewSize                               = 357564416                                 {product} {ergonomic}
   size_t MinHeapDeltaBytes                        = 524288                                    {product} {ergonomic}
   size_t MinHeapSize                              = 104857600                                 {product} {command line}
   size_t NewSize                                  = 34603008                                  {product} {ergonomic}
    uintx NonNMethodCodeHeapSize                   = 5839372                                {pd product} {ergonomic}
    uintx NonProfiledCodeHeapSize                  = 122909434                              {pd product} {ergonomic}
   size_t OldSize                                  = 70254592                                  {product} {ergonomic}
    uintx ProfiledCodeHeapSize                     = 122909434                              {pd product} {ergonomic}
    uintx ReservedCodeCacheSize                    = 251658240                              {pd product} {ergonomic}
     bool SegmentedCodeCache                       = true                                      {product} {ergonomic}
   size_t SoftMaxHeapSize                          = 1073741824                             {manageable} {ergonomic}
     bool UseCompressedClassPointers               = true                           {product lp64_product} {ergonomic}
     bool UseCompressedOops                        = true                           {product lp64_product} {ergonomic}
     bool UseLargePagesIndividualAllocation        = false                                  {pd product} {ergonomic}
     bool UseParallelGC                            = true                                      {product} {command line}

Logging:
Log output configuration:
 #0: stdout all=off uptime,level,tags
 #1: stderr all=off uptime,level,tags

Environment Variables:
JAVA_HOME=C:\Program Files\OpenJDK\openjdk-11.0.16_8
PATH=C:\WINDOWS\system32;C:\WINDOWS;C:\WINDOWS\System32\Wbem;C:\WINDOWS\System32\WindowsPowerShell\v1.0\;C:\WINDOWS\System32\OpenSSH\;C:\ProgramData\chocolatey\bin;C:\Program Files\nodejs\;C:\Program Files\OpenJDK\openjdk-11.0.16_8\bin;C:\Program Files\Git\cmd;C:\Users\AISPL-07\AppData\Local\Android\Sdk\platform-tools;C:\Users\AISPL-07\AppData\Local\Android\Sdk\tools;C:\Users\AISPL-07\AppData\Local\Microsoft\WindowsApps;C:\Users\AISPL-07\AppData\Roaming\npm;C:\Users\AISPL-07\AppData\Local\Programs\Microsoft VS Code\bin;C:\Users\AISPL-07\AppData\Local\Android\Sdk;
USERNAME=AISPL-07
OS=Windows_NT
PROCESSOR_IDENTIFIER=AMD64 Family 23 Model 96 Stepping 1, AuthenticAMD
TMP=C:\Users\AISPL-07\AppData\Local\Temp
TEMP=C:\Users\AISPL-07\AppData\Local\Temp



---------------  S Y S T E M  ---------------

OS:
 Windows 11 , 64 bit Build 22621 (10.0.22621.755)
OS uptime: 3 days 1:03 hours

CPU: total 12 (initial active 12) (12 cores per cpu, 2 threads per core) family 23 model 96 stepping 1 microcode 0x0, cx8, cmov, fxsr, ht, mmx, 3dnowpref, sse, sse2, sse3, ssse3, sse4a, sse4.1, sse4.2, popcnt, lzcnt, tsc, tscinvbit, avx, avx2, aes, clmul, bmi1, bmi2, adx, sha, fma, vzeroupper, clflush, clflushopt

Memory: 4k page, system-wide physical 15742M (393M free)
TotalPageFile size 30954M (AvailPageFile size 4M)
current process WorkingSet (physical memory assigned to process): 52M, peak: 52M
current process commit charge ("private bytes"): 199M, peak: 200M

vm_info: OpenJDK 64-Bit Server VM (17.0.5+8) for windows-amd64 JRE (17.0.5+8), built on Oct 19 2022 04:48:13 by "temurin" with MS VC++ 16.7 (VS2019)

END.
