#
# There is insufficient memory for the Java Runtime Environment to continue.
# Native memory allocation (malloc) failed to allocate 664944 bytes for Chunk::new
# Possible reasons:
#   The system is out of physical RAM or swap space
#   The process is running with CompressedOops enabled, and the Java Heap may be blocking the growth of the native heap
# Possible solutions:
#   Reduce memory load on the system
#   Increase physical memory or swap space
#   Check if swap backing store is full
#   Decrease Java heap size (-Xmx/-Xms)
#   Decrease number of Java threads
#   Decrease Java thread stack sizes (-Xss)
#   Set larger code cache with -XX:ReservedCodeCacheSize=
#   JVM is running with Unscaled Compressed Oops mode in which the Java heap is
#     placed in the first 4GB address space. The Java Heap base address is the
#     maximum limit for the native heap growth. Please use -XX:HeapBaseMinAddress
#     to set the Java Heap base and to place the Java Heap above 4GB virtual address.
# This output file may be truncated or incomplete.
#
#  Out of Memory Error (arena.cpp:189), pid=8792, tid=32744
#
# JRE version: OpenJDK Runtime Environment Temurin-17.0.5+8 (17.0.5+8) (build 17.0.5+8)
# Java VM: OpenJDK 64-Bit Server VM Temurin-17.0.5+8 (17.0.5+8, mixed mode, tiered, compressed oops, compressed class ptrs, parallel gc, windows-amd64)
# No core dump will be written. Minidumps are not enabled by default on client versions of Windows
#

---------------  S U M M A R Y ------------

Command Line: --add-modules=ALL-SYSTEM --add-opens=java.base/java.util=ALL-UNNAMED --add-opens=java.base/java.lang=ALL-UNNAMED --add-opens=java.base/sun.nio.fs=ALL-UNNAMED -Declipse.application=org.eclipse.jdt.ls.core.id1 -Dosgi.bundles.defaultStartLevel=4 -Declipse.product=org.eclipse.jdt.ls.core.product -Djava.import.generatesMetadataFilesAtProjectRoot=false -Dfile.encoding=utf8 -XX:+UseParallelGC -XX:GCTimeRatio=4 -XX:AdaptiveSizePolicyWeight=90 -Dsun.zip.disableMemoryMapping=true -Xmx1G -Xms100m -Xlog:disable -javaagent:c:\Users\AISPL-07\.vscode\extensions\redhat.java-1.13.0-win32-x64\lombok\lombok-1.18.24.jar -XX:+HeapDumpOnOutOfMemoryError -XX:HeapDumpPath=c:\Users\AISPL-07\AppData\Roaming\Code\User\workspaceStorage\07276c1a0fc3a8f9219528d249dded12\redhat.java c:\Users\AISPL-07\.vscode\extensions\redhat.java-1.13.0-win32-x64\server\plugins\org.eclipse.equinox.launcher_1.6.400.v20210924-0641.jar -configuration c:\Users\AISPL-07\AppData\Roaming\Code\User\globalStorage\redhat.java\1.13.0\config_win -data c:\Users\AISPL-07\AppData\Roaming\Code\User\workspaceStorage\07276c1a0fc3a8f9219528d249dded12\redhat.java\jdt_ws

Host: AMD Ryzen 5 PRO 4650G with Radeon Graphics, 12 cores, 15G,  Windows 11 , 64 bit Build 22621 (10.0.22621.755)
Time: Sat Dec 17 16:42:27 2022 India Standard Time elapsed time: 1.047538 seconds (0d 0h 0m 1s)

---------------  T H R E A D  ---------------

Current thread (0x0000021a627a5660):  JavaThread "C2 CompilerThread0" daemon [_thread_in_native, id=32744, stack(0x000000da44900000,0x000000da44a00000)]


Current CompileTask:
C2:   1047 1486       4       java.io.WinNTFileSystem::normalize (143 bytes)

Stack: [0x000000da44900000,0x000000da44a00000]
Native frames: (J=compiled Java code, j=interpreted, Vv=VM code, C=native code)
V  [jvm.dll+0x676b3a]
V  [jvm.dll+0x831444]
V  [jvm.dll+0x832bee]
V  [jvm.dll+0x833253]
V  [jvm.dll+0x244ce5]
V  [jvm.dll+0xabbac]
V  [jvm.dll+0xac17c]
V  [jvm.dll+0x362d57]
V  [jvm.dll+0x32d591]
V  [jvm.dll+0x32ca3a]
V  [jvm.dll+0x217b51]
V  [jvm.dll+0x216f71]
V  [jvm.dll+0x1a343d]
V  [jvm.dll+0x22698a]
V  [jvm.dll+0x224ac5]
V  [jvm.dll+0x7e727b]
V  [jvm.dll+0x7e17ea]
V  [jvm.dll+0x6759e5]
C  [ucrtbase.dll+0x29363]
C  [KERNEL32.DLL+0x1244d]
C  [ntdll.dll+0x5dfb8]


---------------  P R O C E S S  ---------------

Threads class SMR info:
_java_thread_list=0x0000021a643f77b0, length=15, elements={
0x0000021a4ce0af00, 0x0000021a62777020, 0x0000021a627786a0, 0x0000021a62799330,
0x0000021a62799bf0, 0x0000021a6279cc60, 0x0000021a6279ddb0, 0x0000021a627a5660,
0x0000021a627a67b0, 0x0000021a627a9860, 0x0000021a6287a3e0, 0x0000021a62a81900,
0x0000021a642f9b50, 0x0000021a6438e170, 0x0000021a643a05f0
}

Java Threads: ( => current thread )
  0x0000021a4ce0af00 JavaThread "main" [_thread_blocked, id=10368, stack(0x000000da44000000,0x000000da44100000)]
  0x0000021a62777020 JavaThread "Reference Handler" daemon [_thread_blocked, id=21268, stack(0x000000da44300000,0x000000da44400000)]
  0x0000021a627786a0 JavaThread "Finalizer" daemon [_thread_blocked, id=32388, stack(0x000000da44400000,0x000000da44500000)]
  0x0000021a62799330 JavaThread "Signal Dispatcher" daemon [_thread_blocked, id=9744, stack(0x000000da44500000,0x000000da44600000)]
  0x0000021a62799bf0 JavaThread "Attach Listener" daemon [_thread_blocked, id=21988, stack(0x000000da44600000,0x000000da44700000)]
  0x0000021a6279cc60 JavaThread "Service Thread" daemon [_thread_blocked, id=33736, stack(0x000000da44700000,0x000000da44800000)]
  0x0000021a6279ddb0 JavaThread "Monitor Deflation Thread" daemon [_thread_blocked, id=13184, stack(0x000000da44800000,0x000000da44900000)]
=>0x0000021a627a5660 JavaThread "C2 CompilerThread0" daemon [_thread_in_native, id=32744, stack(0x000000da44900000,0x000000da44a00000)]
  0x0000021a627a67b0 JavaThread "C1 CompilerThread0" daemon [_thread_in_vm, id=8780, stack(0x000000da44a00000,0x000000da44b00000)]
  0x0000021a627a9860 JavaThread "Sweeper thread" daemon [_thread_blocked, id=29916, stack(0x000000da44b00000,0x000000da44c00000)]
  0x0000021a6287a3e0 JavaThread "Common-Cleaner" daemon [_thread_blocked, id=23840, stack(0x000000da44c00000,0x000000da44d00000)]
  0x0000021a62a81900 JavaThread "Notification Thread" daemon [_thread_blocked, id=20324, stack(0x000000da44d00000,0x000000da44e00000)]
  0x0000021a642f9b50 JavaThread "Active Thread: Equinox Container: 9a319aa4-9b69-4f0b-a310-a248f97b5260" [_thread_blocked, id=33852, stack(0x000000da45500000,0x000000da45600000)]
  0x0000021a6438e170 JavaThread "Framework Event Dispatcher: Equinox Container: 9a319aa4-9b69-4f0b-a310-a248f97b5260" daemon [_thread_blocked, id=32692, stack(0x000000da45600000,0x000000da45700000)]
  0x0000021a643a05f0 JavaThread "Start Level: Equinox Container: 9a319aa4-9b69-4f0b-a310-a248f97b5260" daemon [_thread_in_vm, id=34548, stack(0x000000da45700000,0x000000da45800000)]

Other Threads:
  0x0000021a4cece750 VMThread "VM Thread" [stack: 0x000000da44200000,0x000000da44300000] [id=28024]
  0x0000021a62a81dd0 WatcherThread [stack: 0x000000da44e00000,0x000000da44f00000] [id=28436]
  0x0000021a4ce20c70 GCTaskThread "GC Thread#0" [stack: 0x000000da44100000,0x000000da44200000] [id=34564]
  0x0000021a6429fec0 GCTaskThread "GC Thread#1" [stack: 0x000000da44f00000,0x000000da45000000] [id=27900]
  0x0000021a641a6030 GCTaskThread "GC Thread#2" [stack: 0x000000da45000000,0x000000da45100000] [id=31892]
  0x0000021a641a62e0 GCTaskThread "GC Thread#3" [stack: 0x000000da45100000,0x000000da45200000] [id=12244]
  0x0000021a641a6590 GCTaskThread "GC Thread#4" [stack: 0x000000da45200000,0x000000da45300000] [id=34608]
  0x0000021a641a6840 GCTaskThread "GC Thread#5" [stack: 0x000000da45300000,0x000000da45400000] [id=32628]
  0x0000021a641a6af0 GCTaskThread "GC Thread#6" [stack: 0x000000da45400000,0x000000da45500000] [id=34432]

Threads with active compile tasks:
C2 CompilerThread0     1063 1486       4       java.io.WinNTFileSystem::normalize (143 bytes)

VM state: not at safepoint (normal execution)

VM Mutex/Monitor currently owned by a thread: None

Heap address: 0x00000000c0000000, size: 1024 MB, Compressed Oops mode: 32-bit

CDS archive(s) not mapped
Compressed class space mapped at: 0x0000000100000000-0x0000000140000000, reserved size: 1073741824
Narrow klass base: 0x0000000000000000, Narrow klass shift: 3, Narrow klass range: 0x140000000

GC Precious Log:
 CPUs: 12 total, 12 available
 Memory: 15742M
 Large Page Support: Disabled
 NUMA Support: Disabled
 Compressed Oops: Enabled (32-bit)
 Alignments: Space 512K, Generation 512K, Heap 2M
 Heap Min Capacity: 100M
 Heap Initial Capacity: 100M
 Heap Max Capacity: 1G
 Pre-touch: Disabled
 Parallel Workers: 10

Heap:
 PSYoungGen      total 29696K, used 25679K [0x00000000eab00000, 0x00000000ecc00000, 0x0000000100000000)
  eden space 25600K, 85% used [0x00000000eab00000,0x00000000ec075d20,0x00000000ec400000)
  from space 4096K, 90% used [0x00000000ec400000,0x00000000ec79e218,0x00000000ec800000)
  to   space 4096K, 0% used [0x00000000ec800000,0x00000000ec800000,0x00000000ecc00000)
 ParOldGen       total 68608K, used 16K [0x00000000c0000000, 0x00000000c4300000, 0x00000000eab00000)
  object space 68608K, 0% used [0x00000000c0000000,0x00000000c0004000,0x00000000c4300000)
 Metaspace       used 13939K, committed 14144K, reserved 1064960K
  class space    used 1389K, committed 1472K, reserved 1048576K

Card table byte_map: [0x0000021a4c7b0000,0x0000021a4c9c0000] _byte_map_base: 0x0000021a4c1b0000

Marking Bits: (ParMarkBitMap*) 0x00007ffbcb260dd0
 Begin Bits: [0x0000021a5ea90000, 0x0000021a5fa90000)
 End Bits:   [0x0000021a5fa90000, 0x0000021a60a90000)

Polling page: 0x0000021a4ad50000

Metaspace:

Usage:
  Non-class:     12.26 MB used.
      Class:      1.36 MB used.
       Both:     13.61 MB used.

Virtual space:
  Non-class space:       16.00 MB reserved,      12.38 MB ( 77%) committed,  2 nodes.
      Class space:        1.00 GB reserved,       1.44 MB ( <1%) committed,  1 nodes.
             Both:        1.02 GB reserved,      13.81 MB (  1%) committed. 

Chunk freelists:
   Non-Class:  3.20 MB
       Class:  2.45 MB
        Both:  5.65 MB

MaxMetaspaceSize: unlimited
CompressedClassSpaceSize: 1.00 GB
Initial GC threshold: 21.00 MB
Current GC threshold: 21.00 MB
CDS: off
MetaspaceReclaimPolicy: balanced
 - commit_granule_bytes: 65536.
 - commit_granule_words: 8192.
 - virtual_space_node_default_size: 1048576.
 - enlarge_chunks_in_place: 1.
 - new_chunks_are_fully_committed: 0.
 - uncommit_free_chunks: 1.
 - use_allocation_guard: 0.
 - handle_deallocations: 1.


Internal statistics:

num_allocs_failed_limit: 0.
num_arena_births: 62.
num_arena_deaths: 0.
num_vsnodes_births: 3.
num_vsnodes_deaths: 0.
num_space_committed: 221.
num_space_uncommitted: 0.
num_chunks_returned_to_freelist: 0.
num_chunks_taken_from_freelist: 236.
num_chunk_merges: 0.
num_chunk_splits: 159.
num_chunks_enlarged: 126.
num_purges: 0.
num_inconsistent_stats: 0.

CodeHeap 'non-profiled nmethods': size=120000Kb used=561Kb max_used=561Kb free=119438Kb
 bounds [0x0000021a57560000, 0x0000021a577d0000, 0x0000021a5ea90000]
CodeHeap 'profiled nmethods': size=120000Kb used=2978Kb max_used=2978Kb free=117021Kb
 bounds [0x0000021a50030000, 0x0000021a50320000, 0x0000021a57560000]
CodeHeap 'non-nmethods': size=5760Kb used=1155Kb max_used=1173Kb free=4604Kb
 bounds [0x0000021a4fa90000, 0x0000021a4fd00000, 0x0000021a50030000]
 total_blobs=1981 nmethods=1533 adapters=362
 compilation: enabled
              stopped_count=0, restarted_count=0
 full_count=0

Compilation events (20 events):
Event: 1.040 Thread 0x0000021a627a67b0 1520       2       org.eclipse.osgi.internal.framework.EquinoxBundle::getBundle (2 bytes)
Event: 1.040 Thread 0x0000021a627a67b0 nmethod 1520 0x0000021a5030c590 code [0x0000021a5030c720, 0x0000021a5030c838]
Event: 1.040 Thread 0x0000021a627a67b0 1512       3       java.lang.ThreadLocal$ThreadLocalMap::getEntry (42 bytes)
Event: 1.040 Thread 0x0000021a627a67b0 nmethod 1512 0x0000021a5030c910 code [0x0000021a5030cae0, 0x0000021a5030ceb8]
Event: 1.040 Thread 0x0000021a627a67b0 1511       3       java.net.URL::<init> (11 bytes)
Event: 1.040 Thread 0x0000021a627a67b0 nmethod 1511 0x0000021a5030d090 code [0x0000021a5030d240, 0x0000021a5030d388]
Event: 1.040 Thread 0x0000021a627a67b0 1514       3       sun.net.util.IPAddressUtil::checkExternalForm (70 bytes)
Event: 1.041 Thread 0x0000021a627a67b0 nmethod 1514 0x0000021a5030d410 code [0x0000021a5030d6e0, 0x0000021a5030e358]
Event: 1.041 Thread 0x0000021a627a67b0 1513       1       sun.nio.fs.NativeBuffer::size (5 bytes)
Event: 1.041 Thread 0x0000021a627a67b0 nmethod 1513 0x0000021a575eba10 code [0x0000021a575ebba0, 0x0000021a575ebc78]
Event: 1.042 Thread 0x0000021a627a67b0 1525   !   3       java.net.URLClassLoader$1::run (81 bytes)
Event: 1.044 Thread 0x0000021a627a67b0 nmethod 1525 0x0000021a5030e810 code [0x0000021a5030eba0, 0x0000021a5030ffd8]
Event: 1.045 Thread 0x0000021a627a67b0 1526       3       jdk.internal.loader.URLClassPath$JarLoader$2::getBytes (48 bytes)
Event: 1.045 Thread 0x0000021a627a67b0 nmethod 1526 0x0000021a50310810 code [0x0000021a50310a00, 0x0000021a50310fc8]
Event: 1.045 Thread 0x0000021a627a67b0 1527       3       java.security.CodeSource::<init> (52 bytes)
Event: 1.045 Thread 0x0000021a627a67b0 nmethod 1527 0x0000021a50311210 code [0x0000021a503113e0, 0x0000021a50311838]
Event: 1.045 Thread 0x0000021a627a67b0 1528       3       java.security.SecureClassLoader::defineClass (16 bytes)
Event: 1.046 Thread 0x0000021a627a67b0 nmethod 1528 0x0000021a50311990 code [0x0000021a50311b40, 0x0000021a50311cd8]
Event: 1.046 Thread 0x0000021a627a67b0 1529       3       java.security.CodeSigner::equals (75 bytes)
Event: 1.046 Thread 0x0000021a627a67b0 nmethod 1529 0x0000021a50311d90 code [0x0000021a50311f80, 0x0000021a503125f8]

GC Heap History (2 events):
Event: 0.657 GC heap before
{Heap before GC invocations=1 (full 0):
 PSYoungGen      total 29696K, used 25600K [0x00000000eab00000, 0x00000000ecc00000, 0x0000000100000000)
  eden space 25600K, 100% used [0x00000000eab00000,0x00000000ec400000,0x00000000ec400000)
  from space 4096K, 0% used [0x00000000ec800000,0x00000000ec800000,0x00000000ecc00000)
  to   space 4096K, 0% used [0x00000000ec400000,0x00000000ec400000,0x00000000ec800000)
 ParOldGen       total 68608K, used 0K [0x00000000c0000000, 0x00000000c4300000, 0x00000000eab00000)
  object space 68608K, 0% used [0x00000000c0000000,0x00000000c0000000,0x00000000c4300000)
 Metaspace       used 10950K, committed 11072K, reserved 1064960K
  class space    used 1087K, committed 1152K, reserved 1048576K
}
Event: 0.663 GC heap after
{Heap after GC invocations=1 (full 0):
 PSYoungGen      total 29696K, used 3704K [0x00000000eab00000, 0x00000000ecc00000, 0x0000000100000000)
  eden space 25600K, 0% used [0x00000000eab00000,0x00000000eab00000,0x00000000ec400000)
  from space 4096K, 90% used [0x00000000ec400000,0x00000000ec79e218,0x00000000ec800000)
  to   space 4096K, 0% used [0x00000000ec800000,0x00000000ec800000,0x00000000ecc00000)
 ParOldGen       total 68608K, used 16K [0x00000000c0000000, 0x00000000c4300000, 0x00000000eab00000)
  object space 68608K, 0% used [0x00000000c0000000,0x00000000c0004000,0x00000000c4300000)
 Metaspace       used 10950K, committed 11072K, reserved 1064960K
  class space    used 1087K, committed 1152K, reserved 1048576K
}

Dll operation events (8 events):
Event: 0.009 Loaded shared library c:\Users\AISPL-07\.vscode\extensions\redhat.java-1.13.0-win32-x64\jre\17.0.5-win32-x86_64\bin\java.dll
Event: 0.132 Loaded shared library c:\Users\AISPL-07\.vscode\extensions\redhat.java-1.13.0-win32-x64\jre\17.0.5-win32-x86_64\bin\zip.dll
Event: 0.134 Loaded shared library C:\Users\AISPL-07\.vscode\extensions\redhat.java-1.13.0-win32-x64\jre\17.0.5-win32-x86_64\bin\instrument.dll
Event: 0.145 Loaded shared library C:\Users\AISPL-07\.vscode\extensions\redhat.java-1.13.0-win32-x64\jre\17.0.5-win32-x86_64\bin\net.dll
Event: 0.146 Loaded shared library C:\Users\AISPL-07\.vscode\extensions\redhat.java-1.13.0-win32-x64\jre\17.0.5-win32-x86_64\bin\nio.dll
Event: 0.151 Loaded shared library C:\Users\AISPL-07\.vscode\extensions\redhat.java-1.13.0-win32-x64\jre\17.0.5-win32-x86_64\bin\zip.dll
Event: 0.163 Loaded shared library C:\Users\AISPL-07\.vscode\extensions\redhat.java-1.13.0-win32-x64\jre\17.0.5-win32-x86_64\bin\jimage.dll
Event: 0.201 Loaded shared library c:\Users\AISPL-07\.vscode\extensions\redhat.java-1.13.0-win32-x64\jre\17.0.5-win32-x86_64\bin\verify.dll

Deoptimization events (20 events):
Event: 0.807 Thread 0x0000021a4ce0af00 Uncommon trap: trap_request=0xffffffc6 fr.pc=0x0000021a5758a728 relative=0x0000000000000288
Event: 0.807 Thread 0x0000021a4ce0af00 Uncommon trap: reason=bimorphic_or_optimized_type_check action=maybe_recompile pc=0x0000021a5758a728 method=java.util.Collections$UnmodifiableCollection$1.next()Ljava/lang/Object; @ 4 c2
Event: 0.807 Thread 0x0000021a4ce0af00 DEOPT PACKING pc=0x0000021a5758a728 sp=0x000000da440f7c70
Event: 0.807 Thread 0x0000021a4ce0af00 DEOPT UNPACKING pc=0x0000021a4fae20a3 sp=0x000000da440f7c20 mode 2
Event: 0.871 Thread 0x0000021a4ce0af00 Uncommon trap: trap_request=0xffffff45 fr.pc=0x0000021a5759f8e4 relative=0x00000000000002a4
Event: 0.871 Thread 0x0000021a4ce0af00 Uncommon trap: reason=unstable_if action=reinterpret pc=0x0000021a5759f8e4 method=java.lang.invoke.VarHandle.checkExactAccessMode(Ljava/lang/invoke/VarHandle$AccessDescriptor;)V @ 4 c2
Event: 0.871 Thread 0x0000021a4ce0af00 DEOPT PACKING pc=0x0000021a5759f8e4 sp=0x000000da440fe050
Event: 0.871 Thread 0x0000021a4ce0af00 DEOPT UNPACKING pc=0x0000021a4fae20a3 sp=0x000000da440fe020 mode 2
Event: 0.934 Thread 0x0000021a4ce0af00 Uncommon trap: trap_request=0xffffffde fr.pc=0x0000021a575afdcc relative=0x000000000000098c
Event: 0.934 Thread 0x0000021a4ce0af00 Uncommon trap: reason=class_check action=maybe_recompile pc=0x0000021a575afdcc method=java.util.HashMap.putVal(ILjava/lang/Object;Ljava/lang/Object;ZZ)Ljava/lang/Object; @ 253 c2
Event: 0.934 Thread 0x0000021a4ce0af00 DEOPT PACKING pc=0x0000021a575afdcc sp=0x000000da440fdb10
Event: 0.934 Thread 0x0000021a4ce0af00 DEOPT UNPACKING pc=0x0000021a4fae20a3 sp=0x000000da440fda38 mode 2
Event: 0.937 Thread 0x0000021a4ce0af00 Uncommon trap: trap_request=0xffffffde fr.pc=0x0000021a575afdcc relative=0x000000000000098c
Event: 0.937 Thread 0x0000021a4ce0af00 Uncommon trap: reason=class_check action=maybe_recompile pc=0x0000021a575afdcc method=java.util.HashMap.putVal(ILjava/lang/Object;Ljava/lang/Object;ZZ)Ljava/lang/Object; @ 253 c2
Event: 0.937 Thread 0x0000021a4ce0af00 DEOPT PACKING pc=0x0000021a575afdcc sp=0x000000da440fdb10
Event: 0.937 Thread 0x0000021a4ce0af00 DEOPT UNPACKING pc=0x0000021a4fae20a3 sp=0x000000da440fda38 mode 2
Event: 1.021 Thread 0x0000021a4ce0af00 DEOPT PACKING pc=0x0000021a5013a543 sp=0x000000da440fe100
Event: 1.022 Thread 0x0000021a4ce0af00 DEOPT UNPACKING pc=0x0000021a4fae2843 sp=0x000000da440fd620 mode 0
Event: 1.031 Thread 0x0000021a4ce0af00 DEOPT PACKING pc=0x0000021a5013a543 sp=0x000000da440fe080
Event: 1.031 Thread 0x0000021a4ce0af00 DEOPT UNPACKING pc=0x0000021a4fae2843 sp=0x000000da440fd5a0 mode 0

Classes unloaded (0 events):
No events

Classes redefined (0 events):
No events

Internal exceptions (20 events):
Event: 0.475 Thread 0x0000021a4ce0af00 Exception <a 'java/io/FileNotFoundException'{0x00000000eb8ef8f0}> (0x00000000eb8ef8f0) 
thrown [s\src\hotspot\share\prims\jni.cpp, line 516]
Event: 0.475 Thread 0x0000021a4ce0af00 Exception <a 'java/io/FileNotFoundException'{0x00000000eb8f0618}> (0x00000000eb8f0618) 
thrown [s\src\hotspot\share\prims\jni.cpp, line 516]
Event: 0.475 Thread 0x0000021a4ce0af00 Exception <a 'java/io/FileNotFoundException'{0x00000000eb8f1320}> (0x00000000eb8f1320) 
thrown [s\src\hotspot\share\prims\jni.cpp, line 516]
Event: 0.475 Thread 0x0000021a4ce0af00 Exception <a 'java/io/FileNotFoundException'{0x00000000eb8f2018}> (0x00000000eb8f2018) 
thrown [s\src\hotspot\share\prims\jni.cpp, line 516]
Event: 0.478 Thread 0x0000021a4ce0af00 Implicit null exception at 0x0000021a575946f2 to 0x0000021a57594c10
Event: 0.479 Thread 0x0000021a4ce0af00 Exception <a 'java/io/FileNotFoundException'{0x00000000eb930a38}> (0x00000000eb930a38) 
thrown [s\src\hotspot\share\prims\jni.cpp, line 516]
Event: 0.589 Thread 0x0000021a4ce0af00 Exception <a 'java/lang/ClassNotFoundException'{0x00000000ec126240}: sun/net/www/protocol/c/Handler> (0x00000000ec126240) 
thrown [s\src\hotspot\share\classfile\systemDictionary.cpp, line 256]
Event: 0.590 Thread 0x0000021a4ce0af00 Exception <a 'java/lang/ClassNotFoundException'{0x00000000ec127598}: sun/net/www/protocol/e/Handler> (0x00000000ec127598) 
thrown [s\src\hotspot\share\classfile\systemDictionary.cpp, line 256]
Event: 0.590 Thread 0x0000021a4ce0af00 Exception <a 'java/lang/ClassNotFoundException'{0x00000000ec128738}: sun/net/www/protocol/c/Handler> (0x00000000ec128738) 
thrown [s\src\hotspot\share\classfile\systemDictionary.cpp, line 256]
Event: 0.595 Thread 0x0000021a4ce0af00 Exception <a 'java/io/FileNotFoundException'{0x00000000ec14ee88}> (0x00000000ec14ee88) 
thrown [s\src\hotspot\share\prims\jni.cpp, line 516]
Event: 0.626 Thread 0x0000021a4ce0af00 Implicit null exception at 0x0000021a575a018f to 0x0000021a575a0205
Event: 0.626 Thread 0x0000021a4ce0af00 Implicit null exception at 0x0000021a5758e38c to 0x0000021a5758e5b8
Event: 0.667 Thread 0x0000021a4ce0af00 Exception <a 'java/lang/NoSuchMethodError'{0x00000000eab1b470}: 'int java.lang.invoke.DirectMethodHandle$Holder.invokeStaticInit(java.lang.Object, java.lang.Object, java.lang.Object, java.lang.Object)'> (0x00000000eab1b470) 
thrown [s\src\hotspot\share\interpreter\linkResolver.cpp, line 759]
Event: 0.670 Thread 0x0000021a4ce0af00 Exception <a 'java/lang/NoSuchMethodError'{0x00000000eab25be8}: 'java.lang.Object java.lang.invoke.DirectMethodHandle$Holder.invokeInterface(java.lang.Object, java.lang.Object)'> (0x00000000eab25be8) 
thrown [s\src\hotspot\share\interpreter\linkResolver.cpp, line 759]
Event: 0.670 Thread 0x0000021a4ce0af00 Exception <a 'java/lang/IncompatibleClassChangeError'{0x00000000eab293e0}: Found class java.lang.Object, but interface was expected> (0x00000000eab293e0) 
thrown [s\src\hotspot\share\interpreter\linkResolver.cpp, line 826]
Event: 0.672 Thread 0x0000021a4ce0af00 Exception <a 'java/lang/NoSuchMethodError'{0x00000000eab2d8d8}: 'void java.lang.invoke.DirectMethodHandle$Holder.invokeStatic(java.lang.Object, java.lang.Object)'> (0x00000000eab2d8d8) 
thrown [s\src\hotspot\share\interpreter\linkResolver.cpp, line 759]
Event: 0.673 Thread 0x0000021a4ce0af00 Exception <a 'java/lang/NoSuchMethodError'{0x00000000eab310d8}: 'void java.lang.invoke.DirectMethodHandle$Holder.invokeStaticInit(java.lang.Object, java.lang.Object)'> (0x00000000eab310d8) 
thrown [s\src\hotspot\share\interpreter\linkResolver.cpp, line 759]
Event: 0.674 Thread 0x0000021a4ce0af00 Exception <a 'java/lang/NoSuchMethodError'{0x00000000eab38560}: 'int java.lang.invoke.DirectMethodHandle$Holder.invokeStaticInit(java.lang.Object, java.lang.Object)'> (0x00000000eab38560) 
thrown [s\src\hotspot\share\interpreter\linkResolver.cpp, line 759]
Event: 0.703 Thread 0x0000021a4ce0af00 Exception <a 'java/lang/NoSuchMethodError'{0x00000000eacbc410}: 'void java.lang.invoke.DirectMethodHandle$Holder.invokeSpecial(java.lang.Object, java.lang.Object, java.lang.Object)'> (0x00000000eacbc410) 
thrown [s\src\hotspot\share\interpreter\linkResolver.cpp, line 759]
Event: 0.917 Thread 0x0000021a4ce0af00 Exception <a 'java/lang/NoSuchMethodError'{0x00000000eb9804c0}: 'java.lang.Object java.lang.invoke.DirectMethodHandle$Holder.newInvokeSpecial(java.lang.Object, int, java.lang.Object)'> (0x00000000eb9804c0) 
thrown [s\src\hotspot\share\interpreter\linkResolver.cpp, line 759]

VM Operations (18 events):
Event: 0.119 Executing VM operation: HandshakeAllThreads
Event: 0.119 Executing VM operation: HandshakeAllThreads done
Event: 0.176 Executing VM operation: HandshakeAllThreads
Event: 0.176 Executing VM operation: HandshakeAllThreads done
Event: 0.381 Executing VM operation: HandshakeAllThreads
Event: 0.381 Executing VM operation: HandshakeAllThreads done
Event: 0.390 Executing VM operation: HandshakeAllThreads
Event: 0.390 Executing VM operation: HandshakeAllThreads done
Event: 0.644 Executing VM operation: ICBufferFull
Event: 0.644 Executing VM operation: ICBufferFull done
Event: 0.657 Executing VM operation: ParallelGCFailedAllocation
Event: 0.663 Executing VM operation: ParallelGCFailedAllocation done
Event: 0.897 Executing VM operation: HandshakeAllThreads
Event: 0.897 Executing VM operation: HandshakeAllThreads done
Event: 0.898 Executing VM operation: HandshakeAllThreads
Event: 0.898 Executing VM operation: HandshakeAllThreads done
Event: 0.903 Executing VM operation: HandshakeAllThreads
Event: 0.903 Executing VM operation: HandshakeAllThreads done

Events (20 events):
Event: 0.902 loading class java/util/ArrayList$ListItr done
Event: 0.936 loading class java/util/ConcurrentModificationException
Event: 0.936 loading class java/util/ConcurrentModificationException done
Event: 0.941 loading class java/net/ContentHandlerFactory
Event: 0.941 loading class java/net/ContentHandlerFactory done
Event: 0.944 loading class java/net/ContentHandler
Event: 0.944 loading class java/net/ContentHandler done
Event: 0.963 loading class java/security/KeyStoreException
Event: 0.964 loading class java/security/KeyStoreException done
Event: 0.984 loading class java/util/LinkedList$ListItr
Event: 0.984 loading class java/util/LinkedList$ListItr done
Event: 0.994 loading class sun/nio/fs/WindowsChannelFactory
Event: 0.995 loading class sun/nio/fs/WindowsChannelFactory done
Event: 0.995 loading class sun/nio/fs/WindowsChannelFactory$1
Event: 0.995 loading class sun/nio/fs/WindowsChannelFactory$1 done
Event: 0.995 loading class sun/nio/fs/WindowsChannelFactory$Flags
Event: 0.995 loading class sun/nio/fs/WindowsChannelFactory$Flags done
Event: 0.995 loading class sun/nio/ch/FileChannelImpl$Closer
Event: 0.995 loading class sun/nio/ch/FileChannelImpl$Closer done
Event: 1.041 Thread 0x0000021a6438e170 Thread added: 0x0000021a6438e170


Dynamic libraries:
0x00007ff6456f0000 - 0x00007ff6456fe000 	c:\Users\AISPL-07\.vscode\extensions\redhat.java-1.13.0-win32-x64\jre\17.0.5-win32-x86_64\bin\java.exe
0x00007ffc39810000 - 0x00007ffc39a24000 	C:\WINDOWS\SYSTEM32\ntdll.dll
0x00007ffc37c20000 - 0x00007ffc37ce2000 	C:\WINDOWS\System32\KERNEL32.DLL
0x00007ffc36ed0000 - 0x00007ffc3726d000 	C:\WINDOWS\System32\KERNELBASE.dll
0x00007ffc372f0000 - 0x00007ffc37401000 	C:\WINDOWS\System32\ucrtbase.dll
0x00007ffc33b70000 - 0x00007ffc33b89000 	c:\Users\AISPL-07\.vscode\extensions\redhat.java-1.13.0-win32-x64\jre\17.0.5-win32-x86_64\bin\VCRUNTIME140.dll
0x00007ffc34030000 - 0x00007ffc34047000 	c:\Users\AISPL-07\.vscode\extensions\redhat.java-1.13.0-win32-x64\jre\17.0.5-win32-x86_64\bin\jli.dll
0x00007ffc38000000 - 0x00007ffc381aa000 	C:\WINDOWS\System32\USER32.dll
0x00007ffc37410000 - 0x00007ffc37436000 	C:\WINDOWS\System32\win32u.dll
0x00007ffc37920000 - 0x00007ffc37949000 	C:\WINDOWS\System32\GDI32.dll
0x00007ffc36db0000 - 0x00007ffc36ec2000 	C:\WINDOWS\System32\gdi32full.dll
0x00007ffc37570000 - 0x00007ffc3760a000 	C:\WINDOWS\System32\msvcp_win.dll
0x00007ffc1d850000 - 0x00007ffc1dade000 	C:\WINDOWS\WinSxS\amd64_microsoft.windows.common-controls_6595b64144ccf1df_6.0.22621.608_none_a9444ca7c10bb01d\COMCTL32.dll
0x00007ffc37b70000 - 0x00007ffc37c17000 	C:\WINDOWS\System32\msvcrt.dll
0x00007ffc37b30000 - 0x00007ffc37b62000 	C:\WINDOWS\System32\IMM32.DLL
0x00007ffc34060000 - 0x00007ffc3406c000 	c:\Users\AISPL-07\.vscode\extensions\redhat.java-1.13.0-win32-x64\jre\17.0.5-win32-x86_64\bin\vcruntime140_1.dll
0x00007ffc1acb0000 - 0x00007ffc1ad41000 	c:\Users\AISPL-07\.vscode\extensions\redhat.java-1.13.0-win32-x64\jre\17.0.5-win32-x86_64\bin\msvcp140.dll
0x00007ffbca6e0000 - 0x00007ffbcb324000 	c:\Users\AISPL-07\.vscode\extensions\redhat.java-1.13.0-win32-x64\jre\17.0.5-win32-x86_64\bin\server\jvm.dll
0x00007ffc37730000 - 0x00007ffc377de000 	C:\WINDOWS\System32\ADVAPI32.dll
0x00007ffc381b0000 - 0x00007ffc38254000 	C:\WINDOWS\System32\sechost.dll
0x00007ffc37a10000 - 0x00007ffc37b25000 	C:\WINDOWS\System32\RPCRT4.dll
0x00007ffc2c640000 - 0x00007ffc2c674000 	C:\WINDOWS\SYSTEM32\WINMM.dll
0x00007ffc33f50000 - 0x00007ffc33f59000 	C:\WINDOWS\SYSTEM32\WSOCK32.dll
0x00007ffc2f360000 - 0x00007ffc2f36a000 	C:\WINDOWS\SYSTEM32\VERSION.dll
0x00007ffc38440000 - 0x00007ffc384b1000 	C:\WINDOWS\System32\WS2_32.dll
0x00007ffc35cb0000 - 0x00007ffc35cc8000 	C:\WINDOWS\SYSTEM32\kernel.appcore.dll
0x00007ffc34020000 - 0x00007ffc3402a000 	c:\Users\AISPL-07\.vscode\extensions\redhat.java-1.13.0-win32-x64\jre\17.0.5-win32-x86_64\bin\jimage.dll
0x00007ffc2fec0000 - 0x00007ffc300ee000 	C:\WINDOWS\SYSTEM32\DBGHELP.DLL
0x00007ffc38d00000 - 0x00007ffc3908a000 	C:\WINDOWS\System32\combase.dll
0x00007ffc37eb0000 - 0x00007ffc37f87000 	C:\WINDOWS\System32\OLEAUT32.dll
0x00007ffc2a5a0000 - 0x00007ffc2a5d2000 	C:\WINDOWS\SYSTEM32\dbgcore.DLL
0x00007ffc37270000 - 0x00007ffc372eb000 	C:\WINDOWS\System32\bcryptPrimitives.dll
0x00007ffc34010000 - 0x00007ffc3401e000 	c:\Users\AISPL-07\.vscode\extensions\redhat.java-1.13.0-win32-x64\jre\17.0.5-win32-x86_64\bin\instrument.dll
0x00007ffc28ef0000 - 0x00007ffc28f15000 	c:\Users\AISPL-07\.vscode\extensions\redhat.java-1.13.0-win32-x64\jre\17.0.5-win32-x86_64\bin\java.dll
0x00007ffc28e10000 - 0x00007ffc28e28000 	c:\Users\AISPL-07\.vscode\extensions\redhat.java-1.13.0-win32-x64\jre\17.0.5-win32-x86_64\bin\zip.dll
0x00007ffc384c0000 - 0x00007ffc38ca0000 	C:\WINDOWS\System32\SHELL32.dll
0x00007ffc34c80000 - 0x00007ffc35545000 	C:\WINDOWS\SYSTEM32\windows.storage.dll
0x00007ffc34b40000 - 0x00007ffc34c7e000 	C:\WINDOWS\SYSTEM32\wintypes.dll
0x00007ffc37810000 - 0x00007ffc37901000 	C:\WINDOWS\System32\SHCORE.dll
0x00007ffc38ca0000 - 0x00007ffc38cfe000 	C:\WINDOWS\System32\shlwapi.dll
0x00007ffc36b70000 - 0x00007ffc36b91000 	C:\WINDOWS\SYSTEM32\profapi.dll
0x00007ffc20300000 - 0x00007ffc20319000 	C:\Users\AISPL-07\.vscode\extensions\redhat.java-1.13.0-win32-x64\jre\17.0.5-win32-x86_64\bin\net.dll
0x00007ffc30a50000 - 0x00007ffc30b7f000 	C:\WINDOWS\SYSTEM32\WINHTTP.dll
0x00007ffc36110000 - 0x00007ffc36179000 	C:\WINDOWS\system32\mswsock.dll
0x00007ffc202e0000 - 0x00007ffc202f5000 	C:\Users\AISPL-07\.vscode\extensions\redhat.java-1.13.0-win32-x64\jre\17.0.5-win32-x86_64\bin\nio.dll
0x00007ffc28ee0000 - 0x00007ffc28ef0000 	c:\Users\AISPL-07\.vscode\extensions\redhat.java-1.13.0-win32-x64\jre\17.0.5-win32-x86_64\bin\verify.dll
0x00007ffc1fe80000 - 0x00007ffc1febe000 	C:\Users\AISPL-07\AppData\Roaming\Code\User\globalStorage\redhat.java\1.13.0\config_win\org.eclipse.equinox.launcher\org.eclipse.equinox.launcher.win32.win32.x86_64_1.2.600.v20220720-1916\eclipse_11700.dll
0x00007ffc391b0000 - 0x00007ffc3934c000 	C:\WINDOWS\System32\ole32.dll

dbghelp: loaded successfully - version: 4.0.5 - missing functions: none
symbol engine: initialized successfully - sym options: 0x614 - pdb path: .;c:\Users\AISPL-07\.vscode\extensions\redhat.java-1.13.0-win32-x64\jre\17.0.5-win32-x86_64\bin;C:\WINDOWS\SYSTEM32;C:\WINDOWS\WinSxS\amd64_microsoft.windows.common-controls_6595b64144ccf1df_6.0.22621.608_none_a9444ca7c10bb01d;c:\Users\AISPL-07\.vscode\extensions\redhat.java-1.13.0-win32-x64\jre\17.0.5-win32-x86_64\bin\server;C:\Users\AISPL-07\AppData\Roaming\Code\User\globalStorage\redhat.java\1.13.0\config_win\org.eclipse.equinox.launcher\org.eclipse.equinox.launcher.win32.win32.x86_64_1.2.600.v20220720-1916

VM Arguments:
jvm_args: --add-modules=ALL-SYSTEM --add-opens=java.base/java.util=ALL-UNNAMED --add-opens=java.base/java.lang=ALL-UNNAMED --add-opens=java.base/sun.nio.fs=ALL-UNNAMED -Declipse.application=org.eclipse.jdt.ls.core.id1 -Dosgi.bundles.defaultStartLevel=4 -Declipse.product=org.eclipse.jdt.ls.core.product -Djava.import.generatesMetadataFilesAtProjectRoot=false -Dfile.encoding=utf8 -XX:+UseParallelGC -XX:GCTimeRatio=4 -XX:AdaptiveSizePolicyWeight=90 -Dsun.zip.disableMemoryMapping=true -Xmx1G -Xms100m -Xlog:disable -javaagent:c:\Users\AISPL-07\.vscode\extensions\redhat.java-1.13.0-win32-x64\lombok\lombok-1.18.24.jar -XX:+HeapDumpOnOutOfMemoryError -XX:HeapDumpPath=c:\Users\AISPL-07\AppData\Roaming\Code\User\workspaceStorage\07276c1a0fc3a8f9219528d249dded12\redhat.java 
java_command: c:\Users\AISPL-07\.vscode\extensions\redhat.java-1.13.0-win32-x64\server\plugins\org.eclipse.equinox.launcher_1.6.400.v20210924-0641.jar -configuration c:\Users\AISPL-07\AppData\Roaming\Code\User\globalStorage\redhat.java\1.13.0\config_win -data c:\Users\AISPL-07\AppData\Roaming\Code\User\workspaceStorage\07276c1a0fc3a8f9219528d249dded12\redhat.java\jdt_ws
java_class_path (initial): c:\Users\AISPL-07\.vscode\extensions\redhat.java-1.13.0-win32-x64\server\plugins\org.eclipse.equinox.launcher_1.6.400.v20210924-0641.jar
Launcher Type: SUN_STANDARD

[Global flags]
    uintx AdaptiveSizePolicyWeight                 = 90                                        {product} {command line}
     intx CICompilerCount                          = 4                                         {product} {ergonomic}
    uintx GCTimeRatio                              = 4                                         {product} {command line}
     bool HeapDumpOnOutOfMemoryError               = true                                   {manageable} {command line}
    ccstr HeapDumpPath                             = c:\Users\AISPL-07\AppData\Roaming\Code\User\workspaceStorage\07276c1a0fc3a8f9219528d249dded12\redhat.java         {manageable} {command line}
   size_t InitialHeapSize                          = 104857600                                 {product} {command line}
   size_t MaxHeapSize                              = 1073741824                                {product} {command line}
   size_t MaxNewSize                               = 357564416                                 {product} {ergonomic}
   size_t MinHeapDeltaBytes                        = 524288                                    {product} {ergonomic}
   size_t MinHeapSize                              = 104857600                                 {product} {command line}
   size_t NewSize                                  = 34603008                                  {product} {ergonomic}
    uintx NonNMethodCodeHeapSize                   = 5839372                                {pd product} {ergonomic}
    uintx NonProfiledCodeHeapSize                  = 122909434                              {pd product} {ergonomic}
   size_t OldSize                                  = 70254592                                  {product} {ergonomic}
    uintx ProfiledCodeHeapSize                     = 122909434                              {pd product} {ergonomic}
    uintx ReservedCodeCacheSize                    = 251658240                              {pd product} {ergonomic}
     bool SegmentedCodeCache                       = true                                      {product} {ergonomic}
   size_t SoftMaxHeapSize                          = 1073741824                             {manageable} {ergonomic}
     bool UseCompressedClassPointers               = true                           {product lp64_product} {ergonomic}
     bool UseCompressedOops                        = true                           {product lp64_product} {ergonomic}
     bool UseLargePagesIndividualAllocation        = false                                  {pd product} {ergonomic}
     bool UseParallelGC                            = true                                      {product} {command line}

Logging:
Log output configuration:
 #0: stdout all=off uptime,level,tags
 #1: stderr all=off uptime,level,tags

Environment Variables:
JAVA_HOME=C:\Program Files\OpenJDK\openjdk-11.0.16_8
PATH=C:\WINDOWS\system32;C:\WINDOWS;C:\WINDOWS\System32\Wbem;C:\WINDOWS\System32\WindowsPowerShell\v1.0\;C:\WINDOWS\System32\OpenSSH\;C:\ProgramData\chocolatey\bin;C:\Program Files\nodejs\;C:\Program Files\OpenJDK\openjdk-11.0.16_8\bin;C:\Program Files\Git\cmd;C:\Users\AISPL-07\AppData\Local\Android\Sdk\platform-tools;C:\Users\AISPL-07\AppData\Local\Android\Sdk\tools;C:\Users\AISPL-07\AppData\Local\Microsoft\WindowsApps;C:\Users\AISPL-07\AppData\Roaming\npm;C:\Users\AISPL-07\AppData\Local\Programs\Microsoft VS Code\bin;C:\Users\AISPL-07\AppData\Local\Android\Sdk;
USERNAME=AISPL-07
OS=Windows_NT
PROCESSOR_IDENTIFIER=AMD64 Family 23 Model 96 Stepping 1, AuthenticAMD
TMP=C:\Users\AISPL-07\AppData\Local\Temp
TEMP=C:\Users\AISPL-07\AppData\Local\Temp



---------------  S Y S T E M  ---------------

OS:
 Windows 11 , 64 bit Build 22621 (10.0.22621.755)
OS uptime: 3 days 7:02 hours

CPU: total 12 (initial active 12) (12 cores per cpu, 2 threads per core) family 23 model 96 stepping 1 microcode 0x0, cx8, cmov, fxsr, ht, mmx, 3dnowpref, sse, sse2, sse3, ssse3, sse4a, sse4.1, sse4.2, popcnt, lzcnt, tsc, tscinvbit, avx, avx2, aes, clmul, bmi1, bmi2, adx, sha, fma, vzeroupper, clflush, clflushopt

Memory: 4k page, system-wide physical 15742M (298M free)
TotalPageFile size 30238M (AvailPageFile size 3M)
current process WorkingSet (physical memory assigned to process): 85M, peak: 85M
current process commit charge ("private bytes"): 212M, peak: 213M

vm_info: OpenJDK 64-Bit Server VM (17.0.5+8) for windows-amd64 JRE (17.0.5+8), built on Oct 19 2022 04:48:13 by "temurin" with MS VC++ 16.7 (VS2019)

END.
