#
# There is insufficient memory for the Java Runtime Environment to continue.
# Native memory allocation (mmap) failed to map 65536 bytes for Failed to commit metaspace.
# Possible reasons:
#   The system is out of physical RAM or swap space
#   The process is running with CompressedOops enabled, and the Java Heap may be blocking the growth of the native heap
# Possible solutions:
#   Reduce memory load on the system
#   Increase physical memory or swap space
#   Check if swap backing store is full
#   Decrease Java heap size (-Xmx/-Xms)
#   Decrease number of Java threads
#   Decrease Java thread stack sizes (-Xss)
#   Set larger code cache with -XX:ReservedCodeCacheSize=
#   JVM is running with Unscaled Compressed Oops mode in which the Java heap is
#     placed in the first 4GB address space. The Java Heap base address is the
#     maximum limit for the native heap growth. Please use -XX:HeapBaseMinAddress
#     to set the Java Heap base and to place the Java Heap above 4GB virtual address.
# This output file may be truncated or incomplete.
#
#  Out of Memory Error (virtualSpaceNode.cpp:110), pid=17932, tid=27220
#
# JRE version: OpenJDK Runtime Environment Temurin-17.0.5+8 (17.0.5+8) (build 17.0.5+8)
# Java VM: OpenJDK 64-Bit Server VM Temurin-17.0.5+8 (17.0.5+8, mixed mode, tiered, compressed oops, compressed class ptrs, parallel gc, windows-amd64)
# No core dump will be written. Minidumps are not enabled by default on client versions of Windows
#

---------------  S U M M A R Y ------------

Command Line: --add-modules=ALL-SYSTEM --add-opens=java.base/java.util=ALL-UNNAMED --add-opens=java.base/java.lang=ALL-UNNAMED --add-opens=java.base/sun.nio.fs=ALL-UNNAMED -Declipse.application=org.eclipse.jdt.ls.core.id1 -Dosgi.bundles.defaultStartLevel=4 -Declipse.product=org.eclipse.jdt.ls.core.product -Djava.import.generatesMetadataFilesAtProjectRoot=false -Dfile.encoding=utf8 -XX:+UseParallelGC -XX:GCTimeRatio=4 -XX:AdaptiveSizePolicyWeight=90 -Dsun.zip.disableMemoryMapping=true -Xmx1G -Xms100m -Xlog:disable -javaagent:c:\Users\AISPL-07\.vscode\extensions\redhat.java-1.13.0-win32-x64\lombok\lombok-1.18.24.jar c:\Users\AISPL-07\.vscode\extensions\redhat.java-1.13.0-win32-x64\server\plugins\org.eclipse.equinox.launcher_1.6.400.v20210924-0641.jar -configuration c:\Users\AISPL-07\AppData\Roaming\Code\User\globalStorage\redhat.java\1.13.0\config_ss_win -data c:\Users\AISPL-07\AppData\Roaming\Code\User\workspaceStorage\07276c1a0fc3a8f9219528d249dded12\redhat.java\ss_ws

Host: AMD Ryzen 5 PRO 4650G with Radeon Graphics, 12 cores, 15G,  Windows 11 , 64 bit Build 22621 (10.0.22621.755)
Time: Sat Dec 17 10:39:35 2022 India Standard Time elapsed time: 3.545351 seconds (0d 0h 0m 3s)

---------------  T H R E A D  ---------------

Current thread (0x0000029863b87e10):  JavaThread "Start Level: Equinox Container: b2b7e46f-a1bf-4cc2-9485-6f27ee0fc771" daemon [_thread_in_vm, id=27220, stack(0x0000009ecba00000,0x0000009ecbb00000)]

Stack: [0x0000009ecba00000,0x0000009ecbb00000]
Native frames: (J=compiled Java code, j=interpreted, Vv=VM code, C=native code)
V  [jvm.dll+0x676b3a]
V  [jvm.dll+0x831444]
V  [jvm.dll+0x832bee]
V  [jvm.dll+0x833253]
V  [jvm.dll+0x244ce5]
V  [jvm.dll+0x82d4db]
V  [jvm.dll+0x61b2f6]
V  [jvm.dll+0x1bfd2e]
V  [jvm.dll+0x61dc41]
V  [jvm.dll+0x61bc96]
V  [jvm.dll+0x625b37]
V  [jvm.dll+0x1e99bb]
V  [jvm.dll+0x1e9ef5]
V  [jvm.dll+0x1ea92f]
V  [jvm.dll+0x1dfdd1]
V  [jvm.dll+0x53be30]
V  [jvm.dll+0x7ac5a8]
V  [jvm.dll+0x7ac694]
V  [jvm.dll+0x40ba25]
V  [jvm.dll+0x411bb8]
C  [java.dll+0x17ec]

Java frames: (J=compiled Java code, j=interpreted, Vv=VM code)
J 1141  java.lang.ClassLoader.defineClass1(Ljava/lang/ClassLoader;Ljava/lang/String;[BIILjava/security/ProtectionDomain;Ljava/lang/String;)Ljava/lang/Class; java.base@17.0.5 (0 bytes) @ 0x00000298558b595b [0x00000298558b58a0+0x00000000000000bb]
J 1704 c1 java.lang.ClassLoader.defineClass(Ljava/lang/String;[BIILjava/security/ProtectionDomain;)Ljava/lang/Class; java.base@17.0.5 (43 bytes) @ 0x000002984e63a154 [0x000002984e639e00+0x0000000000000354]
J 2116 c1 org.eclipse.osgi.internal.loader.ModuleClassLoader.defineClass(Ljava/lang/String;[BLorg/eclipse/osgi/internal/loader/classpath/ClasspathEntry;)Lorg/eclipse/osgi/internal/loader/ModuleClassLoader$DefineClassResult; (138 bytes) @ 0x000002984e728c1c [0x000002984e7289c0+0x000000000000025c]
J 2021 c1 org.eclipse.osgi.internal.loader.classpath.ClasspathManager.defineClass(Ljava/lang/String;[BLorg/eclipse/osgi/internal/loader/classpath/ClasspathEntry;Lorg/eclipse/osgi/storage/bundlefile/BundleEntry;Ljava/util/List;)Ljava/lang/Class; (636 bytes) @ 0x000002984e6f3d34 [0x000002984e6f2360+0x00000000000019d4]
J 1905 c1 org.eclipse.osgi.internal.loader.classpath.ClasspathManager.findClassImpl(Ljava/lang/String;Lorg/eclipse/osgi/internal/loader/classpath/ClasspathEntry;Ljava/util/List;)Ljava/lang/Class; (308 bytes) @ 0x000002984e6a67bc [0x000002984e6a3a40+0x0000000000002d7c]
J 1907 c1 org.eclipse.osgi.internal.loader.classpath.ClasspathManager.findLocalClassImpl(Ljava/lang/String;[Lorg/eclipse/osgi/internal/loader/classpath/ClasspathEntry;Ljava/util/List;)Ljava/lang/Class; (55 bytes) @ 0x000002984e6abf4c [0x000002984e6abdc0+0x000000000000018c]
J 1949 c1 org.eclipse.osgi.internal.loader.classpath.ClasspathManager.findLocalClassImpl(Ljava/lang/String;Ljava/util/List;)Ljava/lang/Class; (132 bytes) @ 0x000002984e6bf5d4 [0x000002984e6bf0c0+0x0000000000000514]
J 1854 c1 org.eclipse.osgi.internal.loader.classpath.ClasspathManager.findLocalClass(Ljava/lang/String;)Ljava/lang/Class; (210 bytes) @ 0x000002984e68aebc [0x000002984e68a220+0x0000000000000c9c]
J 1750 c1 org.eclipse.osgi.internal.loader.BundleLoader.findLocalClass(Ljava/lang/String;)Ljava/lang/Class; (152 bytes) @ 0x000002984e6561ec [0x000002984e6559a0+0x000000000000084c]
J 1670 c1 org.eclipse.osgi.internal.loader.BundleLoader.findClass0(Ljava/lang/String;ZZ)Ljava/lang/Class; (466 bytes) @ 0x000002984e628284 [0x000002984e625ba0+0x00000000000026e4]
J 1669 c1 org.eclipse.osgi.internal.loader.BundleLoader.findClass(Ljava/lang/String;)Ljava/lang/Class; (8 bytes) @ 0x000002984e62529c [0x000002984e625220+0x000000000000007c]
J 1672 c1 org.eclipse.osgi.internal.loader.ModuleClassLoader.loadClass(Ljava/lang/String;Z)Ljava/lang/Class; (36 bytes) @ 0x000002984e62c03c [0x000002984e62be20+0x000000000000021c]
J 826 c1 java.lang.ClassLoader.loadClass(Ljava/lang/String;)Ljava/lang/Class; java.base@17.0.5 (7 bytes) @ 0x000002984e480d3c [0x000002984e480c40+0x00000000000000fc]
v  ~StubRoutines::call_stub
J 1141  java.lang.ClassLoader.defineClass1(Ljava/lang/ClassLoader;Ljava/lang/String;[BIILjava/security/ProtectionDomain;Ljava/lang/String;)Ljava/lang/Class; java.base@17.0.5 (0 bytes) @ 0x00000298558b595b [0x00000298558b58a0+0x00000000000000bb]
J 1704 c1 java.lang.ClassLoader.defineClass(Ljava/lang/String;[BIILjava/security/ProtectionDomain;)Ljava/lang/Class; java.base@17.0.5 (43 bytes) @ 0x000002984e63a154 [0x000002984e639e00+0x0000000000000354]
J 2116 c1 org.eclipse.osgi.internal.loader.ModuleClassLoader.defineClass(Ljava/lang/String;[BLorg/eclipse/osgi/internal/loader/classpath/ClasspathEntry;)Lorg/eclipse/osgi/internal/loader/ModuleClassLoader$DefineClassResult; (138 bytes) @ 0x000002984e728c1c [0x000002984e7289c0+0x000000000000025c]
J 2021 c1 org.eclipse.osgi.internal.loader.classpath.ClasspathManager.defineClass(Ljava/lang/String;[BLorg/eclipse/osgi/internal/loader/classpath/ClasspathEntry;Lorg/eclipse/osgi/storage/bundlefile/BundleEntry;Ljava/util/List;)Ljava/lang/Class; (636 bytes) @ 0x000002984e6f3d34 [0x000002984e6f2360+0x00000000000019d4]
J 1905 c1 org.eclipse.osgi.internal.loader.classpath.ClasspathManager.findClassImpl(Ljava/lang/String;Lorg/eclipse/osgi/internal/loader/classpath/ClasspathEntry;Ljava/util/List;)Ljava/lang/Class; (308 bytes) @ 0x000002984e6a67bc [0x000002984e6a3a40+0x0000000000002d7c]
J 1907 c1 org.eclipse.osgi.internal.loader.classpath.ClasspathManager.findLocalClassImpl(Ljava/lang/String;[Lorg/eclipse/osgi/internal/loader/classpath/ClasspathEntry;Ljava/util/List;)Ljava/lang/Class; (55 bytes) @ 0x000002984e6abf4c [0x000002984e6abdc0+0x000000000000018c]
J 1949 c1 org.eclipse.osgi.internal.loader.classpath.ClasspathManager.findLocalClassImpl(Ljava/lang/String;Ljava/util/List;)Ljava/lang/Class; (132 bytes) @ 0x000002984e6bf5d4 [0x000002984e6bf0c0+0x0000000000000514]
J 1854 c1 org.eclipse.osgi.internal.loader.classpath.ClasspathManager.findLocalClass(Ljava/lang/String;)Ljava/lang/Class; (210 bytes) @ 0x000002984e68aebc [0x000002984e68a220+0x0000000000000c9c]
J 1750 c1 org.eclipse.osgi.internal.loader.BundleLoader.findLocalClass(Ljava/lang/String;)Ljava/lang/Class; (152 bytes) @ 0x000002984e6561ec [0x000002984e6559a0+0x000000000000084c]
J 1670 c1 org.eclipse.osgi.internal.loader.BundleLoader.findClass0(Ljava/lang/String;ZZ)Ljava/lang/Class; (466 bytes) @ 0x000002984e628284 [0x000002984e625ba0+0x00000000000026e4]
J 1669 c1 org.eclipse.osgi.internal.loader.BundleLoader.findClass(Ljava/lang/String;)Ljava/lang/Class; (8 bytes) @ 0x000002984e62529c [0x000002984e625220+0x000000000000007c]
J 1672 c1 org.eclipse.osgi.internal.loader.ModuleClassLoader.loadClass(Ljava/lang/String;Z)Ljava/lang/Class; (36 bytes) @ 0x000002984e62c03c [0x000002984e62be20+0x000000000000021c]
J 826 c1 java.lang.ClassLoader.loadClass(Ljava/lang/String;)Ljava/lang/Class; java.base@17.0.5 (7 bytes) @ 0x000002984e480d3c [0x000002984e480c40+0x00000000000000fc]
v  ~StubRoutines::call_stub
J 1141  java.lang.ClassLoader.defineClass1(Ljava/lang/ClassLoader;Ljava/lang/String;[BIILjava/security/ProtectionDomain;Ljava/lang/String;)Ljava/lang/Class; java.base@17.0.5 (0 bytes) @ 0x00000298558b595b [0x00000298558b58a0+0x00000000000000bb]
J 1704 c1 java.lang.ClassLoader.defineClass(Ljava/lang/String;[BIILjava/security/ProtectionDomain;)Ljava/lang/Class; java.base@17.0.5 (43 bytes) @ 0x000002984e63a154 [0x000002984e639e00+0x0000000000000354]
J 2116 c1 org.eclipse.osgi.internal.loader.ModuleClassLoader.defineClass(Ljava/lang/String;[BLorg/eclipse/osgi/internal/loader/classpath/ClasspathEntry;)Lorg/eclipse/osgi/internal/loader/ModuleClassLoader$DefineClassResult; (138 bytes) @ 0x000002984e728c1c [0x000002984e7289c0+0x000000000000025c]
J 2021 c1 org.eclipse.osgi.internal.loader.classpath.ClasspathManager.defineClass(Ljava/lang/String;[BLorg/eclipse/osgi/internal/loader/classpath/ClasspathEntry;Lorg/eclipse/osgi/storage/bundlefile/BundleEntry;Ljava/util/List;)Ljava/lang/Class; (636 bytes) @ 0x000002984e6f3d34 [0x000002984e6f2360+0x00000000000019d4]
J 1905 c1 org.eclipse.osgi.internal.loader.classpath.ClasspathManager.findClassImpl(Ljava/lang/String;Lorg/eclipse/osgi/internal/loader/classpath/ClasspathEntry;Ljava/util/List;)Ljava/lang/Class; (308 bytes) @ 0x000002984e6a67bc [0x000002984e6a3a40+0x0000000000002d7c]
J 1907 c1 org.eclipse.osgi.internal.loader.classpath.ClasspathManager.findLocalClassImpl(Ljava/lang/String;[Lorg/eclipse/osgi/internal/loader/classpath/ClasspathEntry;Ljava/util/List;)Ljava/lang/Class; (55 bytes) @ 0x000002984e6abf4c [0x000002984e6abdc0+0x000000000000018c]
J 1949 c1 org.eclipse.osgi.internal.loader.classpath.ClasspathManager.findLocalClassImpl(Ljava/lang/String;Ljava/util/List;)Ljava/lang/Class; (132 bytes) @ 0x000002984e6bf5d4 [0x000002984e6bf0c0+0x0000000000000514]
J 1854 c1 org.eclipse.osgi.internal.loader.classpath.ClasspathManager.findLocalClass(Ljava/lang/String;)Ljava/lang/Class; (210 bytes) @ 0x000002984e68aebc [0x000002984e68a220+0x0000000000000c9c]
J 1750 c1 org.eclipse.osgi.internal.loader.BundleLoader.findLocalClass(Ljava/lang/String;)Ljava/lang/Class; (152 bytes) @ 0x000002984e6561ec [0x000002984e6559a0+0x000000000000084c]
J 1670 c1 org.eclipse.osgi.internal.loader.BundleLoader.findClass0(Ljava/lang/String;ZZ)Ljava/lang/Class; (466 bytes) @ 0x000002984e628284 [0x000002984e625ba0+0x00000000000026e4]
J 1669 c1 org.eclipse.osgi.internal.loader.BundleLoader.findClass(Ljava/lang/String;)Ljava/lang/Class; (8 bytes) @ 0x000002984e62529c [0x000002984e625220+0x000000000000007c]
J 1672 c1 org.eclipse.osgi.internal.loader.ModuleClassLoader.loadClass(Ljava/lang/String;Z)Ljava/lang/Class; (36 bytes) @ 0x000002984e62c03c [0x000002984e62be20+0x000000000000021c]
J 826 c1 java.lang.ClassLoader.loadClass(Ljava/lang/String;)Ljava/lang/Class; java.base@17.0.5 (7 bytes) @ 0x000002984e480d3c [0x000002984e480c40+0x00000000000000fc]
v  ~StubRoutines::call_stub
j  org.eclipse.jdt.internal.core.JavaModelManager.<init>()V+403
j  org.eclipse.jdt.internal.core.JavaModelManager.<clinit>()V+87
v  ~StubRoutines::call_stub
j  org.eclipse.jdt.core.JavaCore.start(Lorg/osgi/framework/BundleContext;)V+6
j  org.eclipse.osgi.internal.framework.BundleContextImpl$2.run()Ljava/lang/Void;+23
j  org.eclipse.osgi.internal.framework.BundleContextImpl$2.run()Ljava/lang/Object;+1
J 1255 c1 java.security.AccessController.executePrivileged(Ljava/security/PrivilegedExceptionAction;Ljava/security/AccessControlContext;Ljava/lang/Class;)Ljava/lang/Object; java.base@17.0.5 (65 bytes) @ 0x000002984e55b034 [0x000002984e55aee0+0x0000000000000154]
j  java.security.AccessController.doPrivileged(Ljava/security/PrivilegedExceptionAction;)Ljava/lang/Object;+9 java.base@17.0.5
j  org.eclipse.osgi.internal.framework.BundleContextImpl.startActivator(Lorg/osgi/framework/BundleActivator;)V+9
j  org.eclipse.osgi.internal.framework.BundleContextImpl.start()V+134
j  org.eclipse.osgi.internal.framework.EquinoxBundle.startWorker0()V+35
j  org.eclipse.osgi.internal.framework.EquinoxBundle$EquinoxModule.startWorker()V+4
j  org.eclipse.osgi.container.Module.doStart([Lorg/eclipse/osgi/container/Module$StartOptions;)Lorg/eclipse/osgi/container/ModuleContainerAdaptor$ModuleEvent;+190
J 2044 c1 org.eclipse.osgi.container.Module.start([Lorg/eclipse/osgi/container/Module$StartOptions;)V (655 bytes) @ 0x000002984e6fea54 [0x000002984e6fc6e0+0x0000000000002374]
j  org.eclipse.osgi.framework.util.SecureAction.start(Lorg/eclipse/osgi/container/Module;[Lorg/eclipse/osgi/container/Module$StartOptions;)V+8
J 1752 c1 org.eclipse.osgi.internal.hooks.EclipseLazyStarter.postFindLocalClass(Ljava/lang/String;Ljava/lang/Class;Lorg/eclipse/osgi/internal/loader/classpath/ClasspathManager;)V (394 bytes) @ 0x000002984e65915c [0x000002984e6581e0+0x0000000000000f7c]
J 1854 c1 org.eclipse.osgi.internal.loader.classpath.ClasspathManager.findLocalClass(Ljava/lang/String;)Ljava/lang/Class; (210 bytes) @ 0x000002984e68b1d4 [0x000002984e68a220+0x0000000000000fb4]
J 1750 c1 org.eclipse.osgi.internal.loader.BundleLoader.findLocalClass(Ljava/lang/String;)Ljava/lang/Class; (152 bytes) @ 0x000002984e6561ec [0x000002984e6559a0+0x000000000000084c]
J 1902 c1 org.eclipse.osgi.internal.loader.sources.SingleSourcePackage.loadClass(Ljava/lang/String;)Ljava/lang/Class; (9 bytes) @ 0x000002984e6a2fbc [0x000002984e6a2ec0+0x00000000000000fc]
J 1670 c1 org.eclipse.osgi.internal.loader.BundleLoader.findClass0(Ljava/lang/String;ZZ)Ljava/lang/Class; (466 bytes) @ 0x000002984e62818c [0x000002984e625ba0+0x00000000000025ec]
J 1669 c1 org.eclipse.osgi.internal.loader.BundleLoader.findClass(Ljava/lang/String;)Ljava/lang/Class; (8 bytes) @ 0x000002984e62529c [0x000002984e625220+0x000000000000007c]
J 1672 c1 org.eclipse.osgi.internal.loader.ModuleClassLoader.loadClass(Ljava/lang/String;Z)Ljava/lang/Class; (36 bytes) @ 0x000002984e62c03c [0x000002984e62be20+0x000000000000021c]
J 826 c1 java.lang.ClassLoader.loadClass(Ljava/lang/String;)Ljava/lang/Class; java.base@17.0.5 (7 bytes) @ 0x000002984e480d3c [0x000002984e480c40+0x00000000000000fc]
v  ~StubRoutines::call_stub
j  java.lang.Class.getDeclaredConstructors0(Z)[Ljava/lang/reflect/Constructor;+0 java.base@17.0.5
j  java.lang.Class.privateGetDeclaredConstructors(Z)[Ljava/lang/reflect/Constructor;+52 java.base@17.0.5
j  java.lang.Class.getConstructor0([Ljava/lang/Class;I)Ljava/lang/reflect/Constructor;+14 java.base@17.0.5
j  java.lang.Class.getConstructor([Ljava/lang/Class;)Ljava/lang/reflect/Constructor;+24 java.base@17.0.5
j  org.eclipse.osgi.internal.framework.BundleContextImpl.loadBundleActivator()Lorg/osgi/framework/BundleActivator;+105
j  org.eclipse.osgi.internal.framework.BundleContextImpl.start()V+18
j  org.eclipse.osgi.internal.framework.EquinoxBundle.startWorker0()V+35
j  org.eclipse.osgi.internal.framework.EquinoxBundle$EquinoxModule.startWorker()V+4
j  org.eclipse.osgi.container.Module.doStart([Lorg/eclipse/osgi/container/Module$StartOptions;)Lorg/eclipse/osgi/container/ModuleContainerAdaptor$ModuleEvent;+190
j  org.eclipse.osgi.container.Module.start([Lorg/eclipse/osgi/container/Module$StartOptions;)V+460
j  org.eclipse.osgi.container.ModuleContainer$ContainerStartLevel$2.run()V+71
j  org.eclipse.osgi.internal.framework.EquinoxContainerAdaptor$1$1.execute(Ljava/lang/Runnable;)V+1
j  org.eclipse.osgi.container.ModuleContainer$ContainerStartLevel.incStartLevel(ILjava/util/List;Z)V+192
j  org.eclipse.osgi.container.ModuleContainer$ContainerStartLevel.incStartLevel(ILjava/util/List;Ljava/util/List;Ljava/util/List;Ljava/util/List;)V+19
j  org.eclipse.osgi.container.ModuleContainer$ContainerStartLevel.doContainerStartLevel(Lorg/eclipse/osgi/container/Module;I[Lorg/osgi/framework/FrameworkListener;)V+349
j  org.eclipse.osgi.container.ModuleContainer$ContainerStartLevel.dispatchEvent(Lorg/eclipse/osgi/container/Module;[Lorg/osgi/framework/FrameworkListener;ILjava/lang/Integer;)V+32
j  org.eclipse.osgi.container.ModuleContainer$ContainerStartLevel.dispatchEvent(Ljava/lang/Object;Ljava/lang/Object;ILjava/lang/Object;)V+15
j  org.eclipse.osgi.framework.eventmgr.EventManager.dispatchEvent(Ljava/util/Set;Lorg/eclipse/osgi/framework/eventmgr/EventDispatcher;ILjava/lang/Object;)V+48
j  org.eclipse.osgi.framework.eventmgr.EventManager$EventThread.run()V+26
v  ~StubRoutines::call_stub

---------------  P R O C E S S  ---------------

Threads class SMR info:
_java_thread_list=0x0000029863c248a0, length=20, elements={
0x0000029849930710, 0x000002985f6fc020, 0x000002985f6fd790, 0x000002986129ef40,
0x00000298612a0b70, 0x00000298612a1720, 0x00000298612a41e0, 0x00000298612a5710,
0x00000298612a9c80, 0x000002986130d3d0, 0x00000298499924a0, 0x000002986160eab0,
0x0000029862c9c500, 0x0000029862c21db0, 0x0000029863b87e10, 0x0000029863a47a60,
0x0000029862db1360, 0x00000298639e3c10, 0x0000029863cef200, 0x0000029863ad4ad0
}

Java Threads: ( => current thread )
  0x0000029849930710 JavaThread "main" [_thread_blocked, id=14296, stack(0x0000009eca200000,0x0000009eca300000)]
  0x000002985f6fc020 JavaThread "Reference Handler" daemon [_thread_blocked, id=24528, stack(0x0000009eca600000,0x0000009eca700000)]
  0x000002985f6fd790 JavaThread "Finalizer" daemon [_thread_blocked, id=15424, stack(0x0000009eca700000,0x0000009eca800000)]
  0x000002986129ef40 JavaThread "Signal Dispatcher" daemon [_thread_blocked, id=14920, stack(0x0000009eca800000,0x0000009eca900000)]
  0x00000298612a0b70 JavaThread "Attach Listener" daemon [_thread_blocked, id=25200, stack(0x0000009eca900000,0x0000009ecaa00000)]
  0x00000298612a1720 JavaThread "Service Thread" daemon [_thread_blocked, id=21680, stack(0x0000009ecaa00000,0x0000009ecab00000)]
  0x00000298612a41e0 JavaThread "Monitor Deflation Thread" daemon [_thread_blocked, id=3544, stack(0x0000009ecab00000,0x0000009ecac00000)]
  0x00000298612a5710 JavaThread "C2 CompilerThread0" daemon [_thread_blocked, id=23860, stack(0x0000009ecac00000,0x0000009ecad00000)]
  0x00000298612a9c80 JavaThread "C1 CompilerThread0" daemon [_thread_blocked, id=1796, stack(0x0000009ecad00000,0x0000009ecae00000)]
  0x000002986130d3d0 JavaThread "Sweeper thread" daemon [_thread_blocked, id=17760, stack(0x0000009ecae00000,0x0000009ecaf00000)]
  0x00000298499924a0 JavaThread "Common-Cleaner" daemon [_thread_blocked, id=11452, stack(0x0000009ecaf00000,0x0000009ecb000000)]
  0x000002986160eab0 JavaThread "Notification Thread" daemon [_thread_blocked, id=2812, stack(0x0000009ecb000000,0x0000009ecb100000)]
  0x0000029862c9c500 JavaThread "Active Thread: Equinox Container: b2b7e46f-a1bf-4cc2-9485-6f27ee0fc771" [_thread_blocked, id=13732, stack(0x0000009ecb800000,0x0000009ecb900000)]
  0x0000029862c21db0 JavaThread "Framework Event Dispatcher: Equinox Container: b2b7e46f-a1bf-4cc2-9485-6f27ee0fc771" daemon [_thread_blocked, id=20136, stack(0x0000009ecb900000,0x0000009ecba00000)]
=>0x0000029863b87e10 JavaThread "Start Level: Equinox Container: b2b7e46f-a1bf-4cc2-9485-6f27ee0fc771" daemon [_thread_in_vm, id=27220, stack(0x0000009ecba00000,0x0000009ecbb00000)]
  0x0000029863a47a60 JavaThread "SCR Component Actor" daemon [_thread_blocked, id=20392, stack(0x0000009ecbb00000,0x0000009ecbc00000)]
  0x0000029862db1360 JavaThread "SCR Component Registry" daemon [_thread_blocked, id=23340, stack(0x0000009ecbe00000,0x0000009ecbf00000)]
  0x00000298639e3c10 JavaThread "Worker-JM" [_thread_blocked, id=24628, stack(0x0000009ecbf00000,0x0000009ecc000000)]
  0x0000029863cef200 JavaThread "Worker-0" [_thread_blocked, id=7588, stack(0x0000009ecc100000,0x0000009ecc200000)]
  0x0000029863ad4ad0 JavaThread "Worker-1" [_thread_blocked, id=23996, stack(0x0000009ecc200000,0x0000009ecc300000)]

Other Threads:
  0x00000298499b43a0 VMThread "VM Thread" [stack: 0x0000009eca500000,0x0000009eca600000] [id=24144]
  0x00000298615aca10 WatcherThread [stack: 0x0000009ecb100000,0x0000009ecb200000] [id=26064]
  0x0000029849946670 GCTaskThread "GC Thread#0" [stack: 0x0000009eca400000,0x0000009eca500000] [id=15500]
  0x00000298639f4a00 GCTaskThread "GC Thread#1" [stack: 0x0000009ecb200000,0x0000009ecb300000] [id=9492]
  0x00000298627da340 GCTaskThread "GC Thread#2" [stack: 0x0000009ecb300000,0x0000009ecb400000] [id=26184]
  0x0000029862efbb50 GCTaskThread "GC Thread#3" [stack: 0x0000009ecb400000,0x0000009ecb500000] [id=2348]
  0x0000029862efbe00 GCTaskThread "GC Thread#4" [stack: 0x0000009ecb500000,0x0000009ecb600000] [id=18776]
  0x0000029862efc0b0 GCTaskThread "GC Thread#5" [stack: 0x0000009ecb600000,0x0000009ecb700000] [id=27280]
  0x0000029862efc360 GCTaskThread "GC Thread#6" [stack: 0x0000009ecb700000,0x0000009ecb800000] [id=22176]
  0x000002986278d680 GCTaskThread "GC Thread#7" [stack: 0x0000009ecbc00000,0x0000009ecbd00000] [id=4488]
  0x0000029862c2dc60 GCTaskThread "GC Thread#8" [stack: 0x0000009ecbd00000,0x0000009ecbe00000] [id=17000]
  0x0000029863c283e0 GCTaskThread "GC Thread#9" [stack: 0x0000009ecc000000,0x0000009ecc100000] [id=16208]

Threads with active compile tasks:

VM state: not at safepoint (normal execution)

VM Mutex/Monitor currently owned by a thread:  ([mutex/lock_event])
[0x000002984992b040] Metaspace_lock - owner thread: 0x0000029863b87e10

Heap address: 0x00000000c0000000, size: 1024 MB, Compressed Oops mode: 32-bit

CDS archive(s) not mapped
Compressed class space mapped at: 0x0000000100000000-0x0000000140000000, reserved size: 1073741824
Narrow klass base: 0x0000000000000000, Narrow klass shift: 3, Narrow klass range: 0x140000000

GC Precious Log:
 CPUs: 12 total, 12 available
 Memory: 15742M
 Large Page Support: Disabled
 NUMA Support: Disabled
 Compressed Oops: Enabled (32-bit)
 Alignments: Space 512K, Generation 512K, Heap 2M
 Heap Min Capacity: 100M
 Heap Initial Capacity: 100M
 Heap Max Capacity: 1G
 Pre-touch: Disabled
 Parallel Workers: 10

Heap:
 PSYoungGen      total 29696K, used 13930K [0x00000000eab00000, 0x00000000ecc00000, 0x0000000100000000)
  eden space 25600K, 54% used [0x00000000eab00000,0x00000000eb89a8f0,0x00000000ec400000)
  from space 4096K, 0% used [0x00000000ec800000,0x00000000ec800000,0x00000000ecc00000)
  to   space 4096K, 0% used [0x00000000ec400000,0x00000000ec400000,0x00000000ec800000)
 ParOldGen       total 68608K, used 7193K [0x00000000c0000000, 0x00000000c4300000, 0x00000000eab00000)
  object space 68608K, 10% used [0x00000000c0000000,0x00000000c0706540,0x00000000c4300000)
 Metaspace       used 22017K, committed 22464K, reserved 1073152K
  class space    used 2213K, committed 2432K, reserved 1048576K

Card table byte_map: [0x000002985cf70000,0x000002985d180000] _byte_map_base: 0x000002985c970000

Marking Bits: (ParMarkBitMap*) 0x00007ffbcb260dd0
 Begin Bits: [0x000002985d2e0000, 0x000002985e2e0000)
 End Bits:   [0x000002985e2e0000, 0x000002985f2e0000)

Polling page: 0x000002984dd60000

Metaspace:

Usage:
  Non-class:     19.34 MB used.
      Class:      2.16 MB used.
       Both:     21.50 MB used.

Virtual space:
  Non-class space:       24.00 MB reserved,      19.56 MB ( 82%) committed,  3 nodes.
      Class space:        1.00 GB reserved,       2.38 MB ( <1%) committed,  1 nodes.
             Both:        1.02 GB reserved,      21.94 MB (  2%) committed. 

Chunk freelists:
   Non-Class:  3.67 MB
       Class:  1.66 MB
        Both:  5.33 MB

MaxMetaspaceSize: unlimited
CompressedClassSpaceSize: 1.00 GB
Initial GC threshold: 21.00 MB
Current GC threshold: 35.00 MB
CDS: off
MetaspaceReclaimPolicy: balanced
 - commit_granule_bytes: 65536.
 - commit_granule_words: 8192.
 - virtual_space_node_default_size: 1048576.
 - enlarge_chunks_in_place: 1.
 - new_chunks_are_fully_committed: 0.
 - uncommit_free_chunks: 1.
 - use_allocation_guard: 0.
 - handle_deallocations: 1.


Internal statistics:

num_allocs_failed_limit: 3.
num_arena_births: 166.
num_arena_deaths: 14.
num_vsnodes_births: 4.
num_vsnodes_deaths: 0.
num_space_committed: 351.
num_space_uncommitted: 0.
num_chunks_returned_to_freelist: 17.
num_chunks_taken_from_freelist: 687.
num_chunk_merges: 4.
num_chunk_splits: 449.
num_chunks_enlarged: 325.
num_purges: 2.
num_inconsistent_stats: 0.

CodeHeap 'non-profiled nmethods': size=120000Kb used=883Kb max_used=883Kb free=119116Kb
 bounds [0x0000029855850000, 0x0000029855ac0000, 0x000002985cd80000]
CodeHeap 'profiled nmethods': size=120000Kb used=4339Kb max_used=4339Kb free=115660Kb
 bounds [0x000002984e320000, 0x000002984e760000, 0x0000029855850000]
CodeHeap 'non-nmethods': size=5760Kb used=1187Kb max_used=1208Kb free=4572Kb
 bounds [0x000002984dd80000, 0x000002984dff0000, 0x000002984e320000]
 total_blobs=2685 nmethods=2200 adapters=399
 compilation: enabled
              stopped_count=0, restarted_count=0
 full_count=0

Compilation events (20 events):
Event: 3.528 Thread 0x00000298612a9c80 2187       3       org.objectweb.asm.Label::addLineNumber (89 bytes)
Event: 3.528 Thread 0x00000298612a9c80 nmethod 2187 0x000002984e757290 code [0x000002984e757460, 0x000002984e757908]
Event: 3.530 Thread 0x00000298612a9c80 2193       3       java.util.regex.Matcher::reset (128 bytes)
Event: 3.530 Thread 0x00000298612a9c80 nmethod 2193 0x000002984e757a90 code [0x000002984e757c80, 0x000002984e758268]
Event: 3.530 Thread 0x00000298612a9c80 2194       3       org.objectweb.asm.MethodVisitor::visitVarInsn (17 bytes)
Event: 3.531 Thread 0x00000298612a9c80 nmethod 2194 0x000002984e758510 code [0x000002984e7586c0, 0x000002984e7588c8]
Event: 3.531 Thread 0x00000298612a9c80 2195       3       org.objectweb.asm.SymbolTable$Entry::<init> (17 bytes)
Event: 3.531 Thread 0x00000298612a9c80 nmethod 2195 0x000002984e758990 code [0x000002984e758b40, 0x000002984e758cc8]
Event: 3.532 Thread 0x00000298612a9c80 2196       3       org.objectweb.asm.ClassReader::readConst (276 bytes)
Event: 3.533 Thread 0x00000298612a9c80 nmethod 2196 0x000002984e758d90 code [0x000002984e759200, 0x000002984e75ad98]
Event: 3.534 Thread 0x00000298612a9c80 2197       3       org.objectweb.asm.SymbolTable::hash (7 bytes)
Event: 3.534 Thread 0x00000298612a9c80 nmethod 2197 0x000002984e75b810 code [0x000002984e75b9a0, 0x000002984e75ba98]
Event: 3.534 Thread 0x00000298612a9c80 2198       3       org.objectweb.asm.MethodWriter::visitFieldInsn (258 bytes)
Event: 3.534 Thread 0x00000298612a9c80 nmethod 2198 0x000002984e75bb10 code [0x000002984e75bd80, 0x000002984e75c968]
Event: 3.534 Thread 0x00000298612a5710 nmethod 2168 0x0000029855928d10 code [0x0000029855928ec0, 0x0000029855929918]
Event: 3.534 Thread 0x00000298612a5710 2171       4       org.objectweb.asm.SymbolTable::addConstantUtf8 (98 bytes)
Event: 3.539 Thread 0x00000298612a5710 nmethod 2171 0x0000029855929f90 code [0x000002985592a140, 0x000002985592a6c8]
Event: 3.539 Thread 0x00000298612a5710 2191       4       org.objectweb.asm.SymbolTable$Entry::<init> (20 bytes)
Event: 3.540 Thread 0x00000298612a5710 nmethod 2191 0x000002985592ab10 code [0x000002985592ac80, 0x000002985592ad38]
Event: 3.540 Thread 0x00000298612a5710 2192       4       org.objectweb.asm.SymbolTable::addConstantMemberReference (29 bytes)

GC Heap History (10 events):
Event: 1.627 GC heap before
{Heap before GC invocations=1 (full 0):
 PSYoungGen      total 29696K, used 25600K [0x00000000eab00000, 0x00000000ecc00000, 0x0000000100000000)
  eden space 25600K, 100% used [0x00000000eab00000,0x00000000ec400000,0x00000000ec400000)
  from space 4096K, 0% used [0x00000000ec800000,0x00000000ec800000,0x00000000ecc00000)
  to   space 4096K, 0% used [0x00000000ec400000,0x00000000ec400000,0x00000000ec800000)
 ParOldGen       total 68608K, used 0K [0x00000000c0000000, 0x00000000c4300000, 0x00000000eab00000)
  object space 68608K, 0% used [0x00000000c0000000,0x00000000c0000000,0x00000000c4300000)
 Metaspace       used 10970K, committed 11136K, reserved 1064960K
  class space    used 1089K, committed 1152K, reserved 1048576K
}
Event: 1.638 GC heap after
{Heap after GC invocations=1 (full 0):
 PSYoungGen      total 29696K, used 3713K [0x00000000eab00000, 0x00000000ecc00000, 0x0000000100000000)
  eden space 25600K, 0% used [0x00000000eab00000,0x00000000eab00000,0x00000000ec400000)
  from space 4096K, 90% used [0x00000000ec400000,0x00000000ec7a0690,0x00000000ec800000)
  to   space 4096K, 0% used [0x00000000ec800000,0x00000000ec800000,0x00000000ecc00000)
 ParOldGen       total 68608K, used 0K [0x00000000c0000000, 0x00000000c4300000, 0x00000000eab00000)
  object space 68608K, 0% used [0x00000000c0000000,0x00000000c0000000,0x00000000c4300000)
 Metaspace       used 10970K, committed 11136K, reserved 1064960K
  class space    used 1089K, committed 1152K, reserved 1048576K
}
Event: 2.388 GC heap before
{Heap before GC invocations=2 (full 0):
 PSYoungGen      total 29696K, used 29313K [0x00000000eab00000, 0x00000000ecc00000, 0x0000000100000000)
  eden space 25600K, 100% used [0x00000000eab00000,0x00000000ec400000,0x00000000ec400000)
  from space 4096K, 90% used [0x00000000ec400000,0x00000000ec7a0690,0x00000000ec800000)
  to   space 4096K, 0% used [0x00000000ec800000,0x00000000ec800000,0x00000000ecc00000)
 ParOldGen       total 68608K, used 0K [0x00000000c0000000, 0x00000000c4300000, 0x00000000eab00000)
  object space 68608K, 0% used [0x00000000c0000000,0x00000000c0000000,0x00000000c4300000)
 Metaspace       used 15229K, committed 15488K, reserved 1064960K
  class space    used 1548K, committed 1664K, reserved 1048576K
}
Event: 2.393 GC heap after
{Heap after GC invocations=2 (full 0):
 PSYoungGen      total 29696K, used 4087K [0x00000000eab00000, 0x00000000ecc00000, 0x0000000100000000)
  eden space 25600K, 0% used [0x00000000eab00000,0x00000000eab00000,0x00000000ec400000)
  from space 4096K, 99% used [0x00000000ec800000,0x00000000ecbfdec8,0x00000000ecc00000)
  to   space 4096K, 0% used [0x00000000ec400000,0x00000000ec400000,0x00000000ec800000)
 ParOldGen       total 68608K, used 1293K [0x00000000c0000000, 0x00000000c4300000, 0x00000000eab00000)
  object space 68608K, 1% used [0x00000000c0000000,0x00000000c01436e8,0x00000000c4300000)
 Metaspace       used 15229K, committed 15488K, reserved 1064960K
  class space    used 1548K, committed 1664K, reserved 1048576K
}
Event: 3.304 GC heap before
{Heap before GC invocations=3 (full 0):
 PSYoungGen      total 29696K, used 29687K [0x00000000eab00000, 0x00000000ecc00000, 0x0000000100000000)
  eden space 25600K, 100% used [0x00000000eab00000,0x00000000ec400000,0x00000000ec400000)
  from space 4096K, 99% used [0x00000000ec800000,0x00000000ecbfdec8,0x00000000ecc00000)
  to   space 4096K, 0% used [0x00000000ec400000,0x00000000ec400000,0x00000000ec800000)
 ParOldGen       total 68608K, used 1293K [0x00000000c0000000, 0x00000000c4300000, 0x00000000eab00000)
  object space 68608K, 1% used [0x00000000c0000000,0x00000000c01436e8,0x00000000c4300000)
 Metaspace       used 20272K, committed 20672K, reserved 1073152K
  class space    used 2067K, committed 2240K, reserved 1048576K
}
Event: 3.308 GC heap after
{Heap after GC invocations=3 (full 0):
 PSYoungGen      total 29696K, used 4094K [0x00000000eab00000, 0x00000000ecc00000, 0x0000000100000000)
  eden space 25600K, 0% used [0x00000000eab00000,0x00000000eab00000,0x00000000ec400000)
  from space 4096K, 99% used [0x00000000ec400000,0x00000000ec7ffa50,0x00000000ec800000)
  to   space 4096K, 0% used [0x00000000ec800000,0x00000000ec800000,0x00000000ecc00000)
 ParOldGen       total 68608K, used 2839K [0x00000000c0000000, 0x00000000c4300000, 0x00000000eab00000)
  object space 68608K, 4% used [0x00000000c0000000,0x00000000c02c5cf0,0x00000000c4300000)
 Metaspace       used 20272K, committed 20672K, reserved 1073152K
  class space    used 2067K, committed 2240K, reserved 1048576K
}
Event: 3.407 GC heap before
{Heap before GC invocations=4 (full 0):
 PSYoungGen      total 29696K, used 9126K [0x00000000eab00000, 0x00000000ecc00000, 0x0000000100000000)
  eden space 25600K, 19% used [0x00000000eab00000,0x00000000eafe9e40,0x00000000ec400000)
  from space 4096K, 99% used [0x00000000ec400000,0x00000000ec7ffa50,0x00000000ec800000)
  to   space 4096K, 0% used [0x00000000ec800000,0x00000000ec800000,0x00000000ecc00000)
 ParOldGen       total 68608K, used 2839K [0x00000000c0000000, 0x00000000c4300000, 0x00000000eab00000)
  object space 68608K, 4% used [0x00000000c0000000,0x00000000c02c5cf0,0x00000000c4300000)
 Metaspace       used 21067K, committed 21504K, reserved 1073152K
  class space    used 2145K, committed 2368K, reserved 1048576K
}
Event: 3.410 GC heap after
{Heap after GC invocations=4 (full 0):
 PSYoungGen      total 29696K, used 4088K [0x00000000eab00000, 0x00000000ecc00000, 0x0000000100000000)
  eden space 25600K, 0% used [0x00000000eab00000,0x00000000eab00000,0x00000000ec400000)
  from space 4096K, 99% used [0x00000000ec800000,0x00000000ecbfe1b0,0x00000000ecc00000)
  to   space 4096K, 0% used [0x00000000ec400000,0x00000000ec400000,0x00000000ec800000)
 ParOldGen       total 68608K, used 3327K [0x00000000c0000000, 0x00000000c4300000, 0x00000000eab00000)
  object space 68608K, 4% used [0x00000000c0000000,0x00000000c033fd10,0x00000000c4300000)
 Metaspace       used 21067K, committed 21504K, reserved 1073152K
  class space    used 2145K, committed 2368K, reserved 1048576K
}
Event: 3.410 GC heap before
{Heap before GC invocations=5 (full 1):
 PSYoungGen      total 29696K, used 4088K [0x00000000eab00000, 0x00000000ecc00000, 0x0000000100000000)
  eden space 25600K, 0% used [0x00000000eab00000,0x00000000eab00000,0x00000000ec400000)
  from space 4096K, 99% used [0x00000000ec800000,0x00000000ecbfe1b0,0x00000000ecc00000)
  to   space 4096K, 0% used [0x00000000ec400000,0x00000000ec400000,0x00000000ec800000)
 ParOldGen       total 68608K, used 3327K [0x00000000c0000000, 0x00000000c4300000, 0x00000000eab00000)
  object space 68608K, 4% used [0x00000000c0000000,0x00000000c033fd10,0x00000000c4300000)
 Metaspace       used 21067K, committed 21504K, reserved 1073152K
  class space    used 2145K, committed 2368K, reserved 1048576K
}
Event: 3.427 GC heap after
{Heap after GC invocations=5 (full 1):
 PSYoungGen      total 29696K, used 0K [0x00000000eab00000, 0x00000000ecc00000, 0x0000000100000000)
  eden space 25600K, 0% used [0x00000000eab00000,0x00000000eab00000,0x00000000ec400000)
  from space 4096K, 0% used [0x00000000ec800000,0x00000000ec800000,0x00000000ecc00000)
  to   space 4096K, 0% used [0x00000000ec400000,0x00000000ec400000,0x00000000ec800000)
 ParOldGen       total 68608K, used 7193K [0x00000000c0000000, 0x00000000c4300000, 0x00000000eab00000)
  object space 68608K, 10% used [0x00000000c0000000,0x00000000c0706540,0x00000000c4300000)
 Metaspace       used 21054K, committed 21504K, reserved 1073152K
  class space    used 2141K, committed 2368K, reserved 1048576K
}

Dll operation events (9 events):
Event: 0.051 Loaded shared library c:\Users\AISPL-07\.vscode\extensions\redhat.java-1.13.0-win32-x64\jre\17.0.5-win32-x86_64\bin\java.dll
Event: 0.482 Loaded shared library c:\Users\AISPL-07\.vscode\extensions\redhat.java-1.13.0-win32-x64\jre\17.0.5-win32-x86_64\bin\zip.dll
Event: 0.488 Loaded shared library C:\Users\AISPL-07\.vscode\extensions\redhat.java-1.13.0-win32-x64\jre\17.0.5-win32-x86_64\bin\instrument.dll
Event: 0.504 Loaded shared library C:\Users\AISPL-07\.vscode\extensions\redhat.java-1.13.0-win32-x64\jre\17.0.5-win32-x86_64\bin\net.dll
Event: 0.507 Loaded shared library C:\Users\AISPL-07\.vscode\extensions\redhat.java-1.13.0-win32-x64\jre\17.0.5-win32-x86_64\bin\nio.dll
Event: 0.528 Loaded shared library C:\Users\AISPL-07\.vscode\extensions\redhat.java-1.13.0-win32-x64\jre\17.0.5-win32-x86_64\bin\zip.dll
Event: 0.547 Loaded shared library C:\Users\AISPL-07\.vscode\extensions\redhat.java-1.13.0-win32-x64\jre\17.0.5-win32-x86_64\bin\jimage.dll
Event: 0.650 Loaded shared library c:\Users\AISPL-07\.vscode\extensions\redhat.java-1.13.0-win32-x64\jre\17.0.5-win32-x86_64\bin\verify.dll
Event: 2.183 Loaded shared library C:\Users\AISPL-07\AppData\Roaming\Code\User\globalStorage\redhat.java\1.13.0\config_ss_win\org.eclipse.equinox.launcher\org.eclipse.equinox.launcher.win32.win32.x86_64_1.2.600.v20220720-1916\eclipse_11700.dll

Deoptimization events (20 events):
Event: 3.199 Thread 0x0000029863b87e10 Uncommon trap: trap_request=0xffffffc6 fr.pc=0x0000029855902dc4 relative=0x0000000000002204
Event: 3.199 Thread 0x0000029863b87e10 Uncommon trap: reason=bimorphic_or_optimized_type_check action=maybe_recompile pc=0x0000029855902dc4 method=java.io.DataInputStream.readUnsignedShort()I @ 4 c2
Event: 3.199 Thread 0x0000029863b87e10 DEOPT PACKING pc=0x0000029855902dc4 sp=0x0000009ecbaf9990
Event: 3.199 Thread 0x0000029863b87e10 DEOPT UNPACKING pc=0x000002984ddd20a3 sp=0x0000009ecbaf9908 mode 2
Event: 3.202 Thread 0x0000029863b87e10 Uncommon trap: trap_request=0xffffffc6 fr.pc=0x0000029855902dc4 relative=0x0000000000002204
Event: 3.202 Thread 0x0000029863b87e10 Uncommon trap: reason=bimorphic_or_optimized_type_check action=maybe_recompile pc=0x0000029855902dc4 method=java.io.DataInputStream.readUnsignedShort()I @ 4 c2
Event: 3.202 Thread 0x0000029863b87e10 DEOPT PACKING pc=0x0000029855902dc4 sp=0x0000009ecbaf9650
Event: 3.202 Thread 0x0000029863b87e10 DEOPT UNPACKING pc=0x000002984ddd20a3 sp=0x0000009ecbaf95c8 mode 2
Event: 3.202 Thread 0x0000029863b87e10 Uncommon trap: trap_request=0xffffffc6 fr.pc=0x0000029855902dc4 relative=0x0000000000002204
Event: 3.202 Thread 0x0000029863b87e10 Uncommon trap: reason=bimorphic_or_optimized_type_check action=maybe_recompile pc=0x0000029855902dc4 method=java.io.DataInputStream.readUnsignedShort()I @ 4 c2
Event: 3.202 Thread 0x0000029863b87e10 DEOPT PACKING pc=0x0000029855902dc4 sp=0x0000009ecbaf9590
Event: 3.202 Thread 0x0000029863b87e10 DEOPT UNPACKING pc=0x000002984ddd20a3 sp=0x0000009ecbaf9508 mode 2
Event: 3.202 Thread 0x0000029863b87e10 Uncommon trap: trap_request=0xffffffc6 fr.pc=0x0000029855902dc4 relative=0x0000000000002204
Event: 3.202 Thread 0x0000029863b87e10 Uncommon trap: reason=bimorphic_or_optimized_type_check action=maybe_recompile pc=0x0000029855902dc4 method=java.io.DataInputStream.readUnsignedShort()I @ 4 c2
Event: 3.202 Thread 0x0000029863b87e10 DEOPT PACKING pc=0x0000029855902dc4 sp=0x0000009ecbaf94e0
Event: 3.202 Thread 0x0000029863b87e10 DEOPT UNPACKING pc=0x000002984ddd20a3 sp=0x0000009ecbaf9458 mode 2
Event: 3.264 Thread 0x0000029863b87e10 Uncommon trap: trap_request=0xffffff45 fr.pc=0x00000298558e3d40 relative=0x0000000000000040
Event: 3.264 Thread 0x0000029863b87e10 Uncommon trap: reason=unstable_if action=reinterpret pc=0x00000298558e3d40 method=sun.nio.fs.WindowsPathParser.isSlash(C)Z @ 9 c2
Event: 3.264 Thread 0x0000029863b87e10 DEOPT PACKING pc=0x00000298558e3d40 sp=0x0000009ecbaf9370
Event: 3.264 Thread 0x0000029863b87e10 DEOPT UNPACKING pc=0x000002984ddd20a3 sp=0x0000009ecbaf92f8 mode 2

Classes unloaded (7 events):
Event: 3.413 Thread 0x00000298499b43a0 Unloading class 0x0000000100212400 'java/lang/invoke/LambdaForm$MH+0x0000000100212400'
Event: 3.413 Thread 0x00000298499b43a0 Unloading class 0x0000000100212000 'java/lang/invoke/LambdaForm$MH+0x0000000100212000'
Event: 3.413 Thread 0x00000298499b43a0 Unloading class 0x0000000100211c00 'java/lang/invoke/LambdaForm$MH+0x0000000100211c00'
Event: 3.413 Thread 0x00000298499b43a0 Unloading class 0x0000000100211800 'java/lang/invoke/LambdaForm$MH+0x0000000100211800'
Event: 3.413 Thread 0x00000298499b43a0 Unloading class 0x0000000100211000 'java/lang/invoke/LambdaForm$BMH+0x0000000100211000'
Event: 3.413 Thread 0x00000298499b43a0 Unloading class 0x0000000100210c00 'java/lang/invoke/LambdaForm$DMH+0x0000000100210c00'
Event: 3.413 Thread 0x00000298499b43a0 Unloading class 0x000000010020e000 'java/lang/invoke/LambdaForm$DMH+0x000000010020e000'

Classes redefined (0 events):
No events

Internal exceptions (20 events):
Event: 2.018 Thread 0x0000029849930710 Exception <a 'java/lang/NoSuchMethodError'{0x00000000eb85b820}: 'java.lang.Object java.lang.invoke.DirectMethodHandle$Holder.newInvokeSpecial(java.lang.Object, int, java.lang.Object)'> (0x00000000eb85b820) 
thrown [s\src\hotspot\share\interpreter\linkResolver.cpp, line 759]
Event: 2.171 Thread 0x0000029849930710 Exception <a 'java/lang/UnsatisfiedLinkError'{0x00000000ebd8ede8}: 'void org.eclipse.equinox.launcher.JNIBridge._update_splash()'> (0x00000000ebd8ede8) 
thrown [s\src\hotspot\share\prims\nativeLookup.cpp, line 543]
Event: 2.271 Thread 0x0000029863b87e10 Exception <a 'java/lang/NoSuchMethodError'{0x00000000ec038850}: 'java.lang.Object java.lang.invoke.DirectMethodHandle$Holder.invokeStaticInit(java.lang.Object)'> (0x00000000ec038850) 
thrown [s\src\hotspot\share\interpreter\linkResolver.cpp, line 759]
Event: 2.649 Thread 0x0000029863b87e10 Exception <a 'java/io/FileNotFoundException'{0x00000000eb327568}> (0x00000000eb327568) 
thrown [s\src\hotspot\share\prims\jni.cpp, line 516]
Event: 2.664 Thread 0x0000029863b87e10 Exception <a 'java/lang/NullPointerException'{0x00000000eb3792c8}> (0x00000000eb3792c8) 
thrown [s\src\hotspot\share\interpreter\linkResolver.cpp, line 1350]
Event: 2.664 Thread 0x0000029863b87e10 Exception <a 'java/lang/NullPointerException'{0x00000000eb379af0}> (0x00000000eb379af0) 
thrown [s\src\hotspot\share\interpreter\linkResolver.cpp, line 1350]
Event: 2.721 Thread 0x0000029863b87e10 Exception <a 'java/lang/NoSuchMethodError'{0x00000000eb497a20}: 'java.lang.Object java.lang.invoke.Invokers$Holder.invokeExact_MT(java.lang.Object, java.lang.Object, java.lang.Object, java.lang.Object, java.lang.Object, java.lang.Object)'> (0x00000000eb497a20) 
thrown [s\src\hotspot\share\interpreter\linkResolver.cpp, line 759]
Event: 2.913 Thread 0x0000029863b87e10 Exception <a 'java/lang/NoSuchMethodError'{0x00000000eb8cca80}: 'void java.lang.invoke.DirectMethodHandle$Holder.invokeInterface(java.lang.Object, java.lang.Object, java.lang.Object)'> (0x00000000eb8cca80) 
thrown [s\src\hotspot\share\interpreter\linkResolver.cpp, line 759]
Event: 3.036 Thread 0x0000029863b87e10 Exception <a 'java/lang/NoSuchMethodError'{0x00000000ebcc31e0}: 'java.lang.Object java.lang.invoke.DirectMethodHandle$Holder.invokeStatic(java.lang.Object, java.lang.Object, int)'> (0x00000000ebcc31e0) 
thrown [s\src\hotspot\share\interpreter\linkResolver.cpp, line 759]
Event: 3.037 Thread 0x0000029863b87e10 Exception <a 'java/lang/NoSuchMethodError'{0x00000000ebcc7d90}: 'void java.lang.invoke.DirectMethodHandle$Holder.invokeStatic(java.lang.Object, java.lang.Object, int, java.lang.Object)'> (0x00000000ebcc7d90) 
thrown [s\src\hotspot\share\interpreter\linkResolver.cpp, line 759]
Event: 3.038 Thread 0x0000029863b87e10 Exception <a 'java/lang/NoSuchMethodError'{0x00000000ebccf4c0}: 'void java.lang.invoke.DelegatingMethodHandle$Holder.delegate(java.lang.Object, java.lang.Object, int, java.lang.Object)'> (0x00000000ebccf4c0) 
thrown [s\src\hotspot\share\interpreter\linkResolver.cpp, line 759]
Event: 3.039 Thread 0x0000029863b87e10 Exception <a 'java/lang/NoSuchMethodError'{0x00000000ebcd38a8}: 'int java.lang.invoke.DirectMethodHandle$Holder.invokeSpecial(java.lang.Object, java.lang.Object, java.lang.Object)'> (0x00000000ebcd38a8) 
thrown [s\src\hotspot\share\interpreter\linkResolver.cpp, line 759]
Event: 3.040 Thread 0x0000029863b87e10 Exception <a 'java/lang/NoSuchMethodError'{0x00000000ebce4108}: 'int java.lang.invoke.DirectMethodHandle$Holder.invokeStatic(java.lang.Object, java.lang.Object, int)'> (0x00000000ebce4108) 
thrown [s\src\hotspot\share\interpreter\linkResolver.cpp, line 759]
Event: 3.041 Thread 0x0000029863b87e10 Exception <a 'java/lang/NoSuchMethodError'{0x00000000ebce8130}: 'int java.lang.invoke.DirectMethodHandle$Holder.invokeSpecial(java.lang.Object, java.lang.Object, java.lang.Object, int)'> (0x00000000ebce8130) 
thrown [s\src\hotspot\share\interpreter\linkResolver.cpp, line 759]
Event: 3.043 Thread 0x0000029863b87e10 Exception <a 'java/lang/NoSuchMethodError'{0x00000000ebd02ed0}: 'java.lang.Object java.lang.invoke.DirectMethodHandle$Holder.invokeStatic(java.lang.Object, java.lang.Object, java.lang.Object, java.lang.Object, int)'> (0x00000000ebd02ed0) 
thrown [s\src\hotspot\share\interpreter\linkResolver.cpp, line 759]
Event: 3.045 Thread 0x0000029863b87e10 Exception <a 'java/lang/NoSuchMethodError'{0x00000000ebd0f4c0}: 'java.lang.Object java.lang.invoke.DelegatingMethodHandle$Holder.reinvoke_L(java.lang.Object, java.lang.Object, java.lang.Object, java.lang.Object, int, int)'> (0x00000000ebd0f4c0) 
thrown [s\src\hotspot\share\interpreter\linkResolver.cpp, line 759]
Event: 3.049 Thread 0x0000029863b87e10 Exception <a 'java/lang/NoSuchMethodError'{0x00000000ebd26f58}: 'java.lang.Object java.lang.invoke.Invokers$Holder.invokeExact_MT(java.lang.Object, java.lang.Object, java.lang.Object, java.lang.Object)'> (0x00000000ebd26f58) 
thrown [s\src\hotspot\share\interpreter\linkResolver.cpp, line 759]
Event: 3.326 Thread 0x0000029863b87e10 Exception <a 'java/lang/NoSuchMethodError'{0x00000000eac0ca08}: 'int java.lang.invoke.DirectMethodHandle$Holder.invokeStaticInit(java.lang.Object, java.lang.Object, java.lang.Object)'> (0x00000000eac0ca08) 
thrown [s\src\hotspot\share\interpreter\linkResolver.cpp, line 759]
Event: 3.336 Thread 0x0000029863b87e10 Exception <a 'java/lang/IncompatibleClassChangeError'{0x00000000eac73570}: Found class java.lang.Object, but interface was expected> (0x00000000eac73570) 
thrown [s\src\hotspot\share\interpreter\linkResolver.cpp, line 826]
Event: 3.372 Thread 0x0000029863cef200 Exception <a 'java/io/FileNotFoundException'{0x00000000eabffcb8}> (0x00000000eabffcb8) 
thrown [s\src\hotspot\share\prims\jni.cpp, line 516]

VM Operations (20 events):
Event: 1.996 Executing VM operation: HandshakeAllThreads
Event: 1.996 Executing VM operation: HandshakeAllThreads done
Event: 2.302 Executing VM operation: HandshakeAllThreads
Event: 2.302 Executing VM operation: HandshakeAllThreads done
Event: 2.387 Executing VM operation: ParallelGCFailedAllocation
Event: 2.393 Executing VM operation: ParallelGCFailedAllocation done
Event: 2.839 Executing VM operation: HandshakeAllThreads
Event: 2.839 Executing VM operation: HandshakeAllThreads done
Event: 2.867 Executing VM operation: HandshakeAllThreads
Event: 2.867 Executing VM operation: HandshakeAllThreads done
Event: 2.871 Executing VM operation: HandshakeAllThreads
Event: 2.871 Executing VM operation: HandshakeAllThreads done
Event: 3.035 Executing VM operation: HandshakeAllThreads
Event: 3.035 Executing VM operation: HandshakeAllThreads done
Event: 3.303 Executing VM operation: ParallelGCFailedAllocation
Event: 3.308 Executing VM operation: ParallelGCFailedAllocation done
Event: 3.356 Executing VM operation: HandshakeAllThreads
Event: 3.356 Executing VM operation: HandshakeAllThreads done
Event: 3.407 Executing VM operation: CollectForMetadataAllocation
Event: 3.427 Executing VM operation: CollectForMetadataAllocation done

Events (20 events):
Event: 3.427 loading class java/util/zip/DeflaterOutputStream done
Event: 3.427 loading class java/util/zip/GZIPOutputStream done
Event: 3.433 loading class java/util/zip/GZIPInputStream
Event: 3.433 loading class java/util/zip/GZIPInputStream done
Event: 3.453 loading class java/io/StringReader
Event: 3.454 loading class java/io/StringReader done
Event: 3.460 loading class java/net/SocketTimeoutException
Event: 3.461 loading class java/io/InterruptedIOException
Event: 3.461 loading class java/io/InterruptedIOException done
Event: 3.461 loading class java/net/SocketTimeoutException done
Event: 3.461 loading class java/net/SocketException
Event: 3.461 loading class java/net/SocketException done
Event: 3.461 loading class java/net/UnknownHostException
Event: 3.461 loading class java/net/UnknownHostException done
Event: 3.461 loading class java/net/ProtocolException
Event: 3.462 loading class java/net/ProtocolException done
Event: 3.498 loading class java/lang/NegativeArraySizeException
Event: 3.498 loading class java/lang/NegativeArraySizeException done
Event: 3.498 loading class java/io/FileWriter
Event: 3.498 loading class java/io/FileWriter done


Dynamic libraries:
0x00007ff6456f0000 - 0x00007ff6456fe000 	c:\Users\AISPL-07\.vscode\extensions\redhat.java-1.13.0-win32-x64\jre\17.0.5-win32-x86_64\bin\java.exe
0x00007ffc39810000 - 0x00007ffc39a24000 	C:\WINDOWS\SYSTEM32\ntdll.dll
0x00007ffc37c20000 - 0x00007ffc37ce2000 	C:\WINDOWS\System32\KERNEL32.DLL
0x00007ffc36ed0000 - 0x00007ffc3726d000 	C:\WINDOWS\System32\KERNELBASE.dll
0x00007ffc372f0000 - 0x00007ffc37401000 	C:\WINDOWS\System32\ucrtbase.dll
0x00007ffc34030000 - 0x00007ffc34047000 	c:\Users\AISPL-07\.vscode\extensions\redhat.java-1.13.0-win32-x64\jre\17.0.5-win32-x86_64\bin\jli.dll
0x00007ffc38000000 - 0x00007ffc381aa000 	C:\WINDOWS\System32\USER32.dll
0x00007ffc37410000 - 0x00007ffc37436000 	C:\WINDOWS\System32\win32u.dll
0x00007ffc37920000 - 0x00007ffc37949000 	C:\WINDOWS\System32\GDI32.dll
0x00007ffc36db0000 - 0x00007ffc36ec2000 	C:\WINDOWS\System32\gdi32full.dll
0x00007ffc37570000 - 0x00007ffc3760a000 	C:\WINDOWS\System32\msvcp_win.dll
0x00007ffc33b70000 - 0x00007ffc33b89000 	c:\Users\AISPL-07\.vscode\extensions\redhat.java-1.13.0-win32-x64\jre\17.0.5-win32-x86_64\bin\VCRUNTIME140.dll
0x00007ffc1d850000 - 0x00007ffc1dade000 	C:\WINDOWS\WinSxS\amd64_microsoft.windows.common-controls_6595b64144ccf1df_6.0.22621.608_none_a9444ca7c10bb01d\COMCTL32.dll
0x00007ffc37b70000 - 0x00007ffc37c17000 	C:\WINDOWS\System32\msvcrt.dll
0x00007ffc37b30000 - 0x00007ffc37b62000 	C:\WINDOWS\System32\IMM32.DLL
0x00007ffc34060000 - 0x00007ffc3406c000 	c:\Users\AISPL-07\.vscode\extensions\redhat.java-1.13.0-win32-x64\jre\17.0.5-win32-x86_64\bin\vcruntime140_1.dll
0x00007ffc1acb0000 - 0x00007ffc1ad41000 	c:\Users\AISPL-07\.vscode\extensions\redhat.java-1.13.0-win32-x64\jre\17.0.5-win32-x86_64\bin\msvcp140.dll
0x00007ffbca6e0000 - 0x00007ffbcb324000 	c:\Users\AISPL-07\.vscode\extensions\redhat.java-1.13.0-win32-x64\jre\17.0.5-win32-x86_64\bin\server\jvm.dll
0x00007ffc37730000 - 0x00007ffc377de000 	C:\WINDOWS\System32\ADVAPI32.dll
0x00007ffc381b0000 - 0x00007ffc38254000 	C:\WINDOWS\System32\sechost.dll
0x00007ffc37a10000 - 0x00007ffc37b25000 	C:\WINDOWS\System32\RPCRT4.dll
0x00007ffc33f50000 - 0x00007ffc33f59000 	C:\WINDOWS\SYSTEM32\WSOCK32.dll
0x00007ffc38440000 - 0x00007ffc384b1000 	C:\WINDOWS\System32\WS2_32.dll
0x00007ffc2c640000 - 0x00007ffc2c674000 	C:\WINDOWS\SYSTEM32\WINMM.dll
0x00007ffc2f360000 - 0x00007ffc2f36a000 	C:\WINDOWS\SYSTEM32\VERSION.dll
0x00007ffc35cb0000 - 0x00007ffc35cc8000 	C:\WINDOWS\SYSTEM32\kernel.appcore.dll
0x00007ffc34020000 - 0x00007ffc3402a000 	c:\Users\AISPL-07\.vscode\extensions\redhat.java-1.13.0-win32-x64\jre\17.0.5-win32-x86_64\bin\jimage.dll
0x00007ffc2fec0000 - 0x00007ffc300ee000 	C:\WINDOWS\SYSTEM32\DBGHELP.DLL
0x00007ffc38d00000 - 0x00007ffc3908a000 	C:\WINDOWS\System32\combase.dll
0x00007ffc37eb0000 - 0x00007ffc37f87000 	C:\WINDOWS\System32\OLEAUT32.dll
0x00007ffc2a5a0000 - 0x00007ffc2a5d2000 	C:\WINDOWS\SYSTEM32\dbgcore.DLL
0x00007ffc37270000 - 0x00007ffc372eb000 	C:\WINDOWS\System32\bcryptPrimitives.dll
0x00007ffc34010000 - 0x00007ffc3401e000 	c:\Users\AISPL-07\.vscode\extensions\redhat.java-1.13.0-win32-x64\jre\17.0.5-win32-x86_64\bin\instrument.dll
0x00007ffc28ef0000 - 0x00007ffc28f15000 	c:\Users\AISPL-07\.vscode\extensions\redhat.java-1.13.0-win32-x64\jre\17.0.5-win32-x86_64\bin\java.dll
0x00007ffc28e10000 - 0x00007ffc28e28000 	c:\Users\AISPL-07\.vscode\extensions\redhat.java-1.13.0-win32-x64\jre\17.0.5-win32-x86_64\bin\zip.dll
0x00007ffc384c0000 - 0x00007ffc38ca0000 	C:\WINDOWS\System32\SHELL32.dll
0x00007ffc34c80000 - 0x00007ffc35545000 	C:\WINDOWS\SYSTEM32\windows.storage.dll
0x00007ffc34b40000 - 0x00007ffc34c7e000 	C:\WINDOWS\SYSTEM32\wintypes.dll
0x00007ffc37810000 - 0x00007ffc37901000 	C:\WINDOWS\System32\SHCORE.dll
0x00007ffc38ca0000 - 0x00007ffc38cfe000 	C:\WINDOWS\System32\shlwapi.dll
0x00007ffc36b70000 - 0x00007ffc36b91000 	C:\WINDOWS\SYSTEM32\profapi.dll
0x00007ffc20300000 - 0x00007ffc20319000 	C:\Users\AISPL-07\.vscode\extensions\redhat.java-1.13.0-win32-x64\jre\17.0.5-win32-x86_64\bin\net.dll
0x00007ffc30a50000 - 0x00007ffc30b7f000 	C:\WINDOWS\SYSTEM32\WINHTTP.dll
0x00007ffc36110000 - 0x00007ffc36179000 	C:\WINDOWS\system32\mswsock.dll
0x00007ffc202e0000 - 0x00007ffc202f5000 	C:\Users\AISPL-07\.vscode\extensions\redhat.java-1.13.0-win32-x64\jre\17.0.5-win32-x86_64\bin\nio.dll
0x00007ffc28ee0000 - 0x00007ffc28ef0000 	c:\Users\AISPL-07\.vscode\extensions\redhat.java-1.13.0-win32-x64\jre\17.0.5-win32-x86_64\bin\verify.dll
0x00007ffc1fec0000 - 0x00007ffc1fefe000 	C:\Users\AISPL-07\AppData\Roaming\Code\User\globalStorage\redhat.java\1.13.0\config_ss_win\org.eclipse.equinox.launcher\org.eclipse.equinox.launcher.win32.win32.x86_64_1.2.600.v20220720-1916\eclipse_11700.dll
0x00007ffc391b0000 - 0x00007ffc3934c000 	C:\WINDOWS\System32\ole32.dll

dbghelp: loaded successfully - version: 4.0.5 - missing functions: none
symbol engine: initialized successfully - sym options: 0x614 - pdb path: .;c:\Users\AISPL-07\.vscode\extensions\redhat.java-1.13.0-win32-x64\jre\17.0.5-win32-x86_64\bin;C:\WINDOWS\SYSTEM32;C:\WINDOWS\WinSxS\amd64_microsoft.windows.common-controls_6595b64144ccf1df_6.0.22621.608_none_a9444ca7c10bb01d;c:\Users\AISPL-07\.vscode\extensions\redhat.java-1.13.0-win32-x64\jre\17.0.5-win32-x86_64\bin\server;C:\Users\AISPL-07\AppData\Roaming\Code\User\globalStorage\redhat.java\1.13.0\config_ss_win\org.eclipse.equinox.launcher\org.eclipse.equinox.launcher.win32.win32.x86_64_1.2.600.v20220720-1916

VM Arguments:
jvm_args: --add-modules=ALL-SYSTEM --add-opens=java.base/java.util=ALL-UNNAMED --add-opens=java.base/java.lang=ALL-UNNAMED --add-opens=java.base/sun.nio.fs=ALL-UNNAMED -Declipse.application=org.eclipse.jdt.ls.core.id1 -Dosgi.bundles.defaultStartLevel=4 -Declipse.product=org.eclipse.jdt.ls.core.product -Djava.import.generatesMetadataFilesAtProjectRoot=false -Dfile.encoding=utf8 -XX:+UseParallelGC -XX:GCTimeRatio=4 -XX:AdaptiveSizePolicyWeight=90 -Dsun.zip.disableMemoryMapping=true -Xmx1G -Xms100m -Xlog:disable -javaagent:c:\Users\AISPL-07\.vscode\extensions\redhat.java-1.13.0-win32-x64\lombok\lombok-1.18.24.jar 
java_command: c:\Users\AISPL-07\.vscode\extensions\redhat.java-1.13.0-win32-x64\server\plugins\org.eclipse.equinox.launcher_1.6.400.v20210924-0641.jar -configuration c:\Users\AISPL-07\AppData\Roaming\Code\User\globalStorage\redhat.java\1.13.0\config_ss_win -data c:\Users\AISPL-07\AppData\Roaming\Code\User\workspaceStorage\07276c1a0fc3a8f9219528d249dded12\redhat.java\ss_ws
java_class_path (initial): c:\Users\AISPL-07\.vscode\extensions\redhat.java-1.13.0-win32-x64\server\plugins\org.eclipse.equinox.launcher_1.6.400.v20210924-0641.jar
Launcher Type: SUN_STANDARD

[Global flags]
    uintx AdaptiveSizePolicyWeight                 = 90                                        {product} {command line}
     intx CICompilerCount                          = 4                                         {product} {ergonomic}
    uintx GCTimeRatio                              = 4                                         {product} {command line}
   size_t InitialHeapSize                          = 104857600                                 {product} {command line}
   size_t MaxHeapSize                              = 1073741824                                {product} {command line}
   size_t MaxNewSize                               = 357564416                                 {product} {ergonomic}
   size_t MinHeapDeltaBytes                        = 524288                                    {product} {ergonomic}
   size_t MinHeapSize                              = 104857600                                 {product} {command line}
   size_t NewSize                                  = 34603008                                  {product} {ergonomic}
    uintx NonNMethodCodeHeapSize                   = 5839372                                {pd product} {ergonomic}
    uintx NonProfiledCodeHeapSize                  = 122909434                              {pd product} {ergonomic}
   size_t OldSize                                  = 70254592                                  {product} {ergonomic}
    uintx ProfiledCodeHeapSize                     = 122909434                              {pd product} {ergonomic}
    uintx ReservedCodeCacheSize                    = 251658240                              {pd product} {ergonomic}
     bool SegmentedCodeCache                       = true                                      {product} {ergonomic}
   size_t SoftMaxHeapSize                          = 1073741824                             {manageable} {ergonomic}
     bool UseCompressedClassPointers               = true                           {product lp64_product} {ergonomic}
     bool UseCompressedOops                        = true                           {product lp64_product} {ergonomic}
     bool UseLargePagesIndividualAllocation        = false                                  {pd product} {ergonomic}
     bool UseParallelGC                            = true                                      {product} {command line}

Logging:
Log output configuration:
 #0: stdout all=off uptime,level,tags
 #1: stderr all=off uptime,level,tags

Environment Variables:
JAVA_HOME=C:\Program Files\OpenJDK\openjdk-11.0.16_8
PATH=C:\WINDOWS\system32;C:\WINDOWS;C:\WINDOWS\System32\Wbem;C:\WINDOWS\System32\WindowsPowerShell\v1.0\;C:\WINDOWS\System32\OpenSSH\;C:\ProgramData\chocolatey\bin;C:\Program Files\nodejs\;C:\Program Files\OpenJDK\openjdk-11.0.16_8\bin;C:\Program Files\Git\cmd;C:\Users\AISPL-07\AppData\Local\Android\Sdk\platform-tools;C:\Users\AISPL-07\AppData\Local\Android\Sdk\tools;C:\Users\AISPL-07\AppData\Local\Microsoft\WindowsApps;C:\Users\AISPL-07\AppData\Roaming\npm;C:\Users\AISPL-07\AppData\Local\Programs\Microsoft VS Code\bin;C:\Users\AISPL-07\AppData\Local\Android\Sdk;
USERNAME=AISPL-07
OS=Windows_NT
PROCESSOR_IDENTIFIER=AMD64 Family 23 Model 96 Stepping 1, AuthenticAMD
TMP=C:\Users\AISPL-07\AppData\Local\Temp
TEMP=C:\Users\AISPL-07\AppData\Local\Temp



---------------  S Y S T E M  ---------------

OS:
 Windows 11 , 64 bit Build 22621 (10.0.22621.755)
OS uptime: 3 days 1:00 hours

CPU: total 12 (initial active 12) (12 cores per cpu, 2 threads per core) family 23 model 96 stepping 1 microcode 0x0, cx8, cmov, fxsr, ht, mmx, 3dnowpref, sse, sse2, sse3, ssse3, sse4a, sse4.1, sse4.2, popcnt, lzcnt, tsc, tscinvbit, avx, avx2, aes, clmul, bmi1, bmi2, adx, sha, fma, vzeroupper, clflush, clflushopt

Memory: 4k page, system-wide physical 15742M (117M free)
TotalPageFile size 30954M (AvailPageFile size 0M)
current process WorkingSet (physical memory assigned to process): 109M, peak: 109M
current process commit charge ("private bytes"): 224M, peak: 224M

vm_info: OpenJDK 64-Bit Server VM (17.0.5+8) for windows-amd64 JRE (17.0.5+8), built on Oct 19 2022 04:48:13 by "temurin" with MS VC++ 16.7 (VS2019)

END.
